#
# A fatal error has been detected by the Java Runtime Environment:
#
#  EXCEPTION_ACCESS_VIOLATION (0xc0000005) at pc=0x00007ffbbf8c5b1d, pid=4704, tid=7700
#
# JRE version: Java(TM) SE Runtime Environment 18.9 (11.0.12+8) (build 11.0.12+8-LTS-237)
# Java VM: Java HotSpot(TM) 64-Bit Server VM 18.9 (11.0.12+8-LTS-237, mixed mode, tiered, compressed oops, g1 gc, windows-amd64)
# Problematic frame:
# V  [jvm.dll+0x315b1d]
#
# No core dump will be written. Minidumps are not enabled by default on client versions of Windows
#
# If you would like to submit a bug report, please visit:
#   https://bugreport.java.com/bugreport/crash.jsp
#

---------------  S U M M A R Y ------------

Command Line: -javaagent:D:\Program Files\JetBrains\IntelliJ IDEA Community Edition 2021.2.1\lib\idea_rt.jar=50355:D:\Program Files\JetBrains\IntelliJ IDEA Community Edition 2021.2.1\bin -Dfile.encoding=UTF-8 one.digitalinnovation.personapi.PersonapiApplication

Host: Intel(R) Core(TM) i7-6500U CPU @ 2.50GHz, 4 cores, 11G,  Windows 10 , 64 bit Build 19041 (10.0.19041.1466)
Time: Mon Jan 24 12:26:09 2022 Hora oficial do Brasil elapsed time: 10.318698 seconds (0d 0h 0m 10s)

---------------  T H R E A D  ---------------

Current thread (0x00000210c4833800):  JavaThread "C2 CompilerThread0" daemon [_thread_in_native, id=7700, stack(0x000000d2d5400000,0x000000d2d5500000)]


Current CompileTask:
C2:  10318 4494       4       org.springframework.core.annotation.AnnotationsScanner::getDeclaredAnnotations (166 bytes)

Stack: [0x000000d2d5400000,0x000000d2d5500000],  sp=0x000000d2d54fb730,  free space=1005k
Native frames: (J=compiled Java code, j=interpreted, Vv=VM code, C=native code)
V  [jvm.dll+0x315b1d]
V  [jvm.dll+0x316be3]
V  [jvm.dll+0x314593]
V  [jvm.dll+0x313aea]
V  [jvm.dll+0x1fd105]
V  [jvm.dll+0x1fc2ed]
V  [jvm.dll+0x17f18c]
V  [jvm.dll+0x20b87c]
V  [jvm.dll+0x20997b]
V  [jvm.dll+0x716359]
V  [jvm.dll+0x70f064]
V  [jvm.dll+0x616f66]
C  [ucrtbase.dll+0x21bb2]
C  [KERNEL32.DLL+0x17034]
C  [ntdll.dll+0x52651]


siginfo: EXCEPTION_ACCESS_VIOLATION (0xc0000005), reading address 0x000000000210cd45


Register to memory mapping:

RIP=0x00007ffbbf8c5b1d jvm.dll
RAX=0x00000210c80cb318 points into unknown readable memory: 0x00007ffbbfdcabb0 | b0 ab dc bf fb 7f 00 00
RBX=0x000000000210cd1d is an unknown value
RCX=0x00000210cc4782e0 points into unknown readable memory: 0x00000210c880e240 | 40 e2 80 c8 10 02 00 00
RDX=0x000000d2d54fb890 is pointing into the stack for thread: 0x00000210c4833800
RSP=0x000000d2d54fb730 is pointing into the stack for thread: 0x00000210c4833800
RBP=0x0 is NULL
RSI=0x00000210cd1ce7d0 points into unknown readable memory: 0x00007ffbbfd824f0 | f0 24 d8 bf fb 7f 00 00
RDI=0x0000000000000001 is an unknown value
R8 =0x0000000000000015 is an unknown value
R9 =0x000000d2d54fb890 is pointing into the stack for thread: 0x00000210c4833800
R10=0x00000210ca8a4ab0 points into unknown readable memory: 0x00000210cd1ceff8 | f8 ef 1c cd 10 02 00 00
R11=0x00000210cd1d24c8 points into unknown readable memory: 0x00000210c9581cd0 | d0 1c 58 c9 10 02 00 00
R12=0x00000210cd1cfb00 points into unknown readable memory: 0x00000210cd1cfb38 | 38 fb 1c cd 10 02 00 00
R13=0x000000d2d54fbcf0 is pointing into the stack for thread: 0x00000210c4833800
R14=0x000000d2d54fb7a0 is pointing into the stack for thread: 0x00000210c4833800
R15=0x00000000000000bb is an unknown value


Registers:
RAX=0x00000210c80cb318, RBX=0x000000000210cd1d, RCX=0x00000210cc4782e0, RDX=0x000000d2d54fb890
RSP=0x000000d2d54fb730, RBP=0x0000000000000000, RSI=0x00000210cd1ce7d0, RDI=0x0000000000000001
R8 =0x0000000000000015, R9 =0x000000d2d54fb890, R10=0x00000210ca8a4ab0, R11=0x00000210cd1d24c8
R12=0x00000210cd1cfb00, R13=0x000000d2d54fbcf0, R14=0x000000d2d54fb7a0, R15=0x00000000000000bb
RIP=0x00007ffbbf8c5b1d, EFLAGS=0x0000000000010202

Top of Stack: (sp=0x000000d2d54fb730)
0x000000d2d54fb730:   0000000000000005 0000000000000000
0x000000d2d54fb740:   00000210cd1d1158 00000210cd1d1158
0x000000d2d54fb750:   00000210cd1d1158 00000210cd1d2660
0x000000d2d54fb760:   00000210cd1d2600 0000000000000000
0x000000d2d54fb770:   00000210cd1d1158 00007ffbbf8c6be3
0x000000d2d54fb780:   000000d2d54fbcf0 00000210c80cb408
0x000000d2d54fb790:   00000210c80cb408 00000210cd1d0ca0
0x000000d2d54fb7a0:   000000d2d54fb890 000000d2d54fb840
0x000000d2d54fb7b0:   000000d2d54fbcf0 00000210c3fb87b0
0x000000d2d54fb7c0:   0000000000000000 00000210c3fb87b0
0x000000d2d54fb7d0:   00000210c64df490 00007ffbbfdc9f18
0x000000d2d54fb7e0:   000000d2d54fb8f0 00007ffbbf8c4593
0x000000d2d54fb7f0:   00000210c9c84b90 00000210c3fb20b8
0x000000d2d54fb800:   000000d2d54fbcf0 00000000000214a0
0x000000d2d54fb810:   00000000c9830101 00000210cc41d600
0x000000d2d54fb820:   0000000000002721 0000000000000024 

Instructions: (pc=0x00007ffbbf8c5b1d)
0x00007ffbbf8c5afd:   78 48 8b 04 d1 44 8b 78 68 85 ff 0f 84 bd 00 00
0x00007ffbbf8c5b0d:   00 66 90 48 8b 5e 10 ff cf 49 8b 16 48 8b 1c fb
0x00007ffbbf8c5b1d:   8b 4b 28 8b c1 c1 e8 05 3b 42 10 73 19 44 8b c0
0x00007ffbbf8c5b2d:   83 e1 1f 48 8b 42 18 ba 01 00 00 00 d3 e2 42 8b 


Stack slot to memory mapping:
stack at sp + 0 slots: 0x0000000000000005 is an unknown value
stack at sp + 1 slots: 0x0 is NULL
stack at sp + 2 slots: 0x00000210cd1d1158 points into unknown readable memory: 0x00007ffbbfd5c240 | 40 c2 d5 bf fb 7f 00 00
stack at sp + 3 slots: 0x00000210cd1d1158 points into unknown readable memory: 0x00007ffbbfd5c240 | 40 c2 d5 bf fb 7f 00 00
stack at sp + 4 slots: 0x00000210cd1d1158 points into unknown readable memory: 0x00007ffbbfd5c240 | 40 c2 d5 bf fb 7f 00 00
stack at sp + 5 slots: 0x00000210cd1d2660 points into unknown readable memory: 0x0000000000000000 | 00 00 00 00 00 00 00 00
stack at sp + 6 slots: 0x00000210cd1d2600 points into unknown readable memory: 0x0000000000000000 | 00 00 00 00 00 00 00 00
stack at sp + 7 slots: 0x0 is NULL


---------------  P R O C E S S  ---------------

Threads class SMR info:
_java_thread_list=0x00000210c873d150, length=20, elements={
0x00000210c3fb2800, 0x00000210c47e0800, 0x00000210c3fb6000, 0x00000210c3fb7000,
0x00000210c3fb9800, 0x00000210c4833800, 0x00000210c4835000, 0x00000210c488b000,
0x00000210c3f64000, 0x00000210c4a98800, 0x00000210c7d3c000, 0x00000210c82d5800,
0x00000210c87d5800, 0x00000210c5460000, 0x00000210c6411800, 0x00000210c98c4800,
0x00000210c9e7b000, 0x00000210cc74f000, 0x00000210c82d1000, 0x00000210a14f2000
}

Java Threads: ( => current thread )
  0x00000210c3fb2800 JavaThread "Reference Handler" daemon [_thread_blocked, id=8344, stack(0x000000d2d4f00000,0x000000d2d5000000)]
  0x00000210c47e0800 JavaThread "Finalizer" daemon [_thread_blocked, id=300, stack(0x000000d2d5000000,0x000000d2d5100000)]
  0x00000210c3fb6000 JavaThread "Signal Dispatcher" daemon [_thread_blocked, id=4952, stack(0x000000d2d5100000,0x000000d2d5200000)]
  0x00000210c3fb7000 JavaThread "Attach Listener" daemon [_thread_blocked, id=6888, stack(0x000000d2d5200000,0x000000d2d5300000)]
  0x00000210c3fb9800 JavaThread "Service Thread" daemon [_thread_blocked, id=10120, stack(0x000000d2d5300000,0x000000d2d5400000)]
=>0x00000210c4833800 JavaThread "C2 CompilerThread0" daemon [_thread_in_native, id=7700, stack(0x000000d2d5400000,0x000000d2d5500000)]
  0x00000210c4835000 JavaThread "C1 CompilerThread0" daemon [_thread_blocked, id=9724, stack(0x000000d2d5500000,0x000000d2d5600000)]
  0x00000210c488b000 JavaThread "Sweeper thread" daemon [_thread_blocked, id=14208, stack(0x000000d2d5600000,0x000000d2d5700000)]
  0x00000210c3f64000 JavaThread "Common-Cleaner" daemon [_thread_blocked, id=11032, stack(0x000000d2d5700000,0x000000d2d5800000)]
  0x00000210c4a98800 JavaThread "Monitor Ctrl-Break" daemon [_thread_in_native, id=7756, stack(0x000000d2d5800000,0x000000d2d5900000)]
  0x00000210c7d3c000 JavaThread "C2 CompilerThread1" daemon [_thread_in_native, id=10764, stack(0x000000d2d5e00000,0x000000d2d5f00000)]
  0x00000210c82d5800 JavaThread "MVStore background writer nio:C:/Users/alber/personApiDB.mv.db" daemon [_thread_blocked, id=10928, stack(0x000000d2d6000000,0x000000d2d6100000)]
  0x00000210c87d5800 JavaThread "HikariPool-1 housekeeper" daemon [_thread_blocked, id=10816, stack(0x000000d2d6100000,0x000000d2d6200000)]
  0x00000210c5460000 JavaThread "HikariPool-1 connection adder" daemon [_thread_blocked, id=9144, stack(0x000000d2d6200000,0x000000d2d6300000)]
  0x00000210c6411800 JavaThread "Catalina-utility-1" [_thread_blocked, id=5472, stack(0x000000d2d6300000,0x000000d2d6400000)]
  0x00000210c98c4800 JavaThread "Catalina-utility-2" [_thread_blocked, id=10976, stack(0x000000d2d6400000,0x000000d2d6500000)]
  0x00000210c9e7b000 JavaThread "container-0" [_thread_blocked, id=14044, stack(0x000000d2d6500000,0x000000d2d6600000)]
  0x00000210cc74f000 JavaThread "http-nio-8080-Poller" daemon [_thread_in_native, id=8892, stack(0x000000d2d6600000,0x000000d2d6700000)]
  0x00000210c82d1000 JavaThread "http-nio-8080-Acceptor" daemon [_thread_in_native, id=10428, stack(0x000000d2d6700000,0x000000d2d6800000)]
  0x00000210a14f2000 JavaThread "DestroyJavaVM" [_thread_blocked, id=13760, stack(0x000000d2d4800000,0x000000d2d4900000)]

Other Threads:
  0x00000210c3fac000 VMThread "VM Thread" [stack: 0x000000d2d4e00000,0x000000d2d4f00000] [id=3952]
  0x00000210c4d08800 WatcherThread [stack: 0x000000d2d5900000,0x000000d2d5a00000] [id=15512]
  0x00000210a1508800 GCTaskThread "GC Thread#0" [stack: 0x000000d2d4900000,0x000000d2d4a00000] [id=2276]
  0x00000210c510c000 GCTaskThread "GC Thread#1" [stack: 0x000000d2d5a00000,0x000000d2d5b00000] [id=5344]
  0x00000210c54ee800 GCTaskThread "GC Thread#2" [stack: 0x000000d2d5b00000,0x000000d2d5c00000] [id=10664]
  0x00000210c51bf000 GCTaskThread "GC Thread#3" [stack: 0x000000d2d5c00000,0x000000d2d5d00000] [id=14444]
  0x00000210a154d800 ConcurrentGCThread "G1 Main Marker" [stack: 0x000000d2d4a00000,0x000000d2d4b00000] [id=13404]
  0x00000210a1550000 ConcurrentGCThread "G1 Conc#0" [stack: 0x000000d2d4b00000,0x000000d2d4c00000] [id=12656]
  0x00000210a15ce000 ConcurrentGCThread "G1 Refine#0" [stack: 0x000000d2d4c00000,0x000000d2d4d00000] [id=1004]
  0x00000210c50c3000 ConcurrentGCThread "G1 Refine#1" [stack: 0x000000d2d5d00000,0x000000d2d5e00000] [id=15828]
  0x00000210c3e0e800 ConcurrentGCThread "G1 Young RemSet Sampling" [stack: 0x000000d2d4d00000,0x000000d2d4e00000] [id=6252]

Threads with active compile tasks:
C2 CompilerThread0  10468 4494       4       org.springframework.core.annotation.AnnotationsScanner::getDeclaredAnnotations (166 bytes)
C2 CompilerThread1  10468 4704       4       org.springframework.core.ResolvableType::forType (115 bytes)

VM state:not at safepoint (normal execution)

VM Mutex/Monitor currently owned by a thread: None

Heap address: 0x0000000741600000, size: 3050 MB, Compressed Oops mode: Zero based, Oop shift amount: 3
Narrow klass base: 0x0000000800000000, Narrow klass shift: 0
Compressed class space size: 1073741824 Address: 0x0000000800000000

Heap:
 garbage-first heap   total 236544K, used 106990K [0x0000000741600000, 0x0000000800000000)
  region size 1024K, 94 young (96256K), 11 survivors (11264K)
 Metaspace       used 68108K, capacity 69937K, committed 70016K, reserved 1110016K
  class space    used 8780K, capacity 9546K, committed 9600K, reserved 1048576K
Heap Regions: E=young(eden), S=young(survivor), O=old, HS=humongous(starts), HC=humongous(continues), CS=collection set, F=free, A=archive, TAMS=top-at-mark-start (previous, next)
|   0|0x0000000741600000, 0x0000000741700000, 0x0000000741700000|100%|HS|  |TAMS 0x0000000741700000, 0x0000000741600000| Complete 
|   1|0x0000000741700000, 0x0000000741800000, 0x0000000741800000|100%| O|  |TAMS 0x0000000741800000, 0x0000000741700000| Untracked 
|   2|0x0000000741800000, 0x0000000741900000, 0x0000000741900000|100%| O|  |TAMS 0x0000000741900000, 0x0000000741800000| Untracked 
|   3|0x0000000741900000, 0x0000000741a00000, 0x0000000741a00000|100%| O|  |TAMS 0x0000000741a00000, 0x0000000741900000| Untracked 
|   4|0x0000000741a00000, 0x0000000741b00000, 0x0000000741b00000|100%| O|  |TAMS 0x0000000741b00000, 0x0000000741a00000| Untracked 
|   5|0x0000000741b00000, 0x0000000741c00000, 0x0000000741c00000|100%| O|  |TAMS 0x0000000741c00000, 0x0000000741b00000| Untracked 
|   6|0x0000000741c00000, 0x0000000741d00000, 0x0000000741d00000|100%| O|  |TAMS 0x0000000741d00000, 0x0000000741c00000| Untracked 
|   7|0x0000000741d00000, 0x0000000741e00000, 0x0000000741e00000|100%| O|  |TAMS 0x0000000741e00000, 0x0000000741d00000| Untracked 
|   8|0x0000000741e00000, 0x0000000741f00000, 0x0000000741f00000|100%| O|  |TAMS 0x0000000741f00000, 0x0000000741e00000| Untracked 
|   9|0x0000000741f00000, 0x0000000742000000, 0x0000000742000000|100%|HS|  |TAMS 0x0000000742000000, 0x0000000741f00000| Complete 
|  10|0x0000000742000000, 0x0000000742100000, 0x0000000742100000|100%|HC|  |TAMS 0x0000000742100000, 0x0000000742000000| Complete 
|  11|0x0000000742100000, 0x00000007421ad000, 0x0000000742200000| 67%| O|  |TAMS 0x00000007421ad000, 0x0000000742100000| Untracked 
|  12|0x0000000742200000, 0x0000000742200000, 0x0000000742300000|  0%| F|  |TAMS 0x0000000742200000, 0x0000000742200000| Untracked 
|  13|0x0000000742300000, 0x0000000742300000, 0x0000000742400000|  0%| F|  |TAMS 0x0000000742300000, 0x0000000742300000| Untracked 
|  14|0x0000000742400000, 0x0000000742400000, 0x0000000742500000|  0%| F|  |TAMS 0x0000000742400000, 0x0000000742400000| Untracked 
|  15|0x0000000742500000, 0x0000000742500000, 0x0000000742600000|  0%| F|  |TAMS 0x0000000742500000, 0x0000000742500000| Untracked 
|  16|0x0000000742600000, 0x0000000742600000, 0x0000000742700000|  0%| F|  |TAMS 0x0000000742600000, 0x0000000742600000| Untracked 
|  17|0x0000000742700000, 0x0000000742700000, 0x0000000742800000|  0%| F|  |TAMS 0x0000000742700000, 0x0000000742700000| Untracked 
|  18|0x0000000742800000, 0x0000000742800000, 0x0000000742900000|  0%| F|  |TAMS 0x0000000742800000, 0x0000000742800000| Untracked 
|  19|0x0000000742900000, 0x0000000742900000, 0x0000000742a00000|  0%| F|  |TAMS 0x0000000742900000, 0x0000000742900000| Untracked 
|  20|0x0000000742a00000, 0x0000000742a00000, 0x0000000742b00000|  0%| F|  |TAMS 0x0000000742a00000, 0x0000000742a00000| Untracked 
|  21|0x0000000742b00000, 0x0000000742b00000, 0x0000000742c00000|  0%| F|  |TAMS 0x0000000742b00000, 0x0000000742b00000| Untracked 
|  22|0x0000000742c00000, 0x0000000742c00000, 0x0000000742d00000|  0%| F|  |TAMS 0x0000000742c00000, 0x0000000742c00000| Untracked 
|  23|0x0000000742d00000, 0x0000000742d00000, 0x0000000742e00000|  0%| F|  |TAMS 0x0000000742d00000, 0x0000000742d00000| Untracked 
|  24|0x0000000742e00000, 0x0000000742e00000, 0x0000000742f00000|  0%| F|  |TAMS 0x0000000742e00000, 0x0000000742e00000| Untracked 
|  25|0x0000000742f00000, 0x0000000742f00000, 0x0000000743000000|  0%| F|  |TAMS 0x0000000742f00000, 0x0000000742f00000| Untracked 
|  26|0x0000000743000000, 0x0000000743000000, 0x0000000743100000|  0%| F|  |TAMS 0x0000000743000000, 0x0000000743000000| Untracked 
|  27|0x0000000743100000, 0x0000000743100000, 0x0000000743200000|  0%| F|  |TAMS 0x0000000743100000, 0x0000000743100000| Untracked 
|  28|0x0000000743200000, 0x0000000743200000, 0x0000000743300000|  0%| F|  |TAMS 0x0000000743200000, 0x0000000743200000| Untracked 
|  29|0x0000000743300000, 0x0000000743300000, 0x0000000743400000|  0%| F|  |TAMS 0x0000000743300000, 0x0000000743300000| Untracked 
|  30|0x0000000743400000, 0x0000000743400000, 0x0000000743500000|  0%| F|  |TAMS 0x0000000743400000, 0x0000000743400000| Untracked 
|  31|0x0000000743500000, 0x0000000743500000, 0x0000000743600000|  0%| F|  |TAMS 0x0000000743500000, 0x0000000743500000| Untracked 
|  32|0x0000000743600000, 0x0000000743600000, 0x0000000743700000|  0%| F|  |TAMS 0x0000000743600000, 0x0000000743600000| Untracked 
|  33|0x0000000743700000, 0x0000000743700000, 0x0000000743800000|  0%| F|  |TAMS 0x0000000743700000, 0x0000000743700000| Untracked 
|  34|0x0000000743800000, 0x0000000743800000, 0x0000000743900000|  0%| F|  |TAMS 0x0000000743800000, 0x0000000743800000| Untracked 
|  35|0x0000000743900000, 0x0000000743900000, 0x0000000743a00000|  0%| F|  |TAMS 0x0000000743900000, 0x0000000743900000| Untracked 
|  36|0x0000000743a00000, 0x0000000743a00000, 0x0000000743b00000|  0%| F|  |TAMS 0x0000000743a00000, 0x0000000743a00000| Untracked 
|  37|0x0000000743b00000, 0x0000000743b00000, 0x0000000743c00000|  0%| F|  |TAMS 0x0000000743b00000, 0x0000000743b00000| Untracked 
|  38|0x0000000743c00000, 0x0000000743c00000, 0x0000000743d00000|  0%| F|  |TAMS 0x0000000743c00000, 0x0000000743c00000| Untracked 
|  39|0x0000000743d00000, 0x0000000743d00000, 0x0000000743e00000|  0%| F|  |TAMS 0x0000000743d00000, 0x0000000743d00000| Untracked 
|  40|0x0000000743e00000, 0x0000000743e00000, 0x0000000743f00000|  0%| F|  |TAMS 0x0000000743e00000, 0x0000000743e00000| Untracked 
|  41|0x0000000743f00000, 0x0000000743f00000, 0x0000000744000000|  0%| F|  |TAMS 0x0000000743f00000, 0x0000000743f00000| Untracked 
|  42|0x0000000744000000, 0x0000000744000000, 0x0000000744100000|  0%| F|  |TAMS 0x0000000744000000, 0x0000000744000000| Untracked 
|  43|0x0000000744100000, 0x0000000744100000, 0x0000000744200000|  0%| F|  |TAMS 0x0000000744100000, 0x0000000744100000| Untracked 
|  44|0x0000000744200000, 0x0000000744200000, 0x0000000744300000|  0%| F|  |TAMS 0x0000000744200000, 0x0000000744200000| Untracked 
|  45|0x0000000744300000, 0x0000000744300000, 0x0000000744400000|  0%| F|  |TAMS 0x0000000744300000, 0x0000000744300000| Untracked 
|  46|0x0000000744400000, 0x0000000744400000, 0x0000000744500000|  0%| F|  |TAMS 0x0000000744400000, 0x0000000744400000| Untracked 
|  47|0x0000000744500000, 0x0000000744500000, 0x0000000744600000|  0%| F|  |TAMS 0x0000000744500000, 0x0000000744500000| Untracked 
|  48|0x0000000744600000, 0x0000000744600000, 0x0000000744700000|  0%| F|  |TAMS 0x0000000744600000, 0x0000000744600000| Untracked 
|  49|0x0000000744700000, 0x0000000744700000, 0x0000000744800000|  0%| F|  |TAMS 0x0000000744700000, 0x0000000744700000| Untracked 
|  50|0x0000000744800000, 0x0000000744800000, 0x0000000744900000|  0%| F|  |TAMS 0x0000000744800000, 0x0000000744800000| Untracked 
|  51|0x0000000744900000, 0x0000000744900000, 0x0000000744a00000|  0%| F|  |TAMS 0x0000000744900000, 0x0000000744900000| Untracked 
|  52|0x0000000744a00000, 0x0000000744a00000, 0x0000000744b00000|  0%| F|  |TAMS 0x0000000744a00000, 0x0000000744a00000| Untracked 
|  53|0x0000000744b00000, 0x0000000744b00000, 0x0000000744c00000|  0%| F|  |TAMS 0x0000000744b00000, 0x0000000744b00000| Untracked 
|  54|0x0000000744c00000, 0x0000000744c00000, 0x0000000744d00000|  0%| F|  |TAMS 0x0000000744c00000, 0x0000000744c00000| Untracked 
|  55|0x0000000744d00000, 0x0000000744d00000, 0x0000000744e00000|  0%| F|  |TAMS 0x0000000744d00000, 0x0000000744d00000| Untracked 
|  56|0x0000000744e00000, 0x0000000744e00000, 0x0000000744f00000|  0%| F|  |TAMS 0x0000000744e00000, 0x0000000744e00000| Untracked 
|  57|0x0000000744f00000, 0x0000000744f00000, 0x0000000745000000|  0%| F|  |TAMS 0x0000000744f00000, 0x0000000744f00000| Untracked 
|  58|0x0000000745000000, 0x0000000745000000, 0x0000000745100000|  0%| F|  |TAMS 0x0000000745000000, 0x0000000745000000| Untracked 
|  59|0x0000000745100000, 0x0000000745100000, 0x0000000745200000|  0%| F|  |TAMS 0x0000000745100000, 0x0000000745100000| Untracked 
|  60|0x0000000745200000, 0x0000000745200000, 0x0000000745300000|  0%| F|  |TAMS 0x0000000745200000, 0x0000000745200000| Untracked 
|  61|0x0000000745300000, 0x0000000745300000, 0x0000000745400000|  0%| F|  |TAMS 0x0000000745300000, 0x0000000745300000| Untracked 
|  62|0x0000000745400000, 0x0000000745400000, 0x0000000745500000|  0%| F|  |TAMS 0x0000000745400000, 0x0000000745400000| Untracked 
|  63|0x0000000745500000, 0x0000000745500000, 0x0000000745600000|  0%| F|  |TAMS 0x0000000745500000, 0x0000000745500000| Untracked 
|  64|0x0000000745600000, 0x0000000745600000, 0x0000000745700000|  0%| F|  |TAMS 0x0000000745600000, 0x0000000745600000| Untracked 
|  65|0x0000000745700000, 0x0000000745700000, 0x0000000745800000|  0%| F|  |TAMS 0x0000000745700000, 0x0000000745700000| Untracked 
|  66|0x0000000745800000, 0x0000000745800000, 0x0000000745900000|  0%| F|  |TAMS 0x0000000745800000, 0x0000000745800000| Untracked 
|  67|0x0000000745900000, 0x0000000745900000, 0x0000000745a00000|  0%| F|  |TAMS 0x0000000745900000, 0x0000000745900000| Untracked 
|  68|0x0000000745a00000, 0x0000000745a00000, 0x0000000745b00000|  0%| F|  |TAMS 0x0000000745a00000, 0x0000000745a00000| Untracked 
|  69|0x0000000745b00000, 0x0000000745b00000, 0x0000000745c00000|  0%| F|  |TAMS 0x0000000745b00000, 0x0000000745b00000| Untracked 
|  70|0x0000000745c00000, 0x0000000745c00000, 0x0000000745d00000|  0%| F|  |TAMS 0x0000000745c00000, 0x0000000745c00000| Untracked 
|  71|0x0000000745d00000, 0x0000000745d00000, 0x0000000745e00000|  0%| F|  |TAMS 0x0000000745d00000, 0x0000000745d00000| Untracked 
|  72|0x0000000745e00000, 0x0000000745e00000, 0x0000000745f00000|  0%| F|  |TAMS 0x0000000745e00000, 0x0000000745e00000| Untracked 
|  73|0x0000000745f00000, 0x0000000745f00000, 0x0000000746000000|  0%| F|  |TAMS 0x0000000745f00000, 0x0000000745f00000| Untracked 
|  74|0x0000000746000000, 0x0000000746000000, 0x0000000746100000|  0%| F|  |TAMS 0x0000000746000000, 0x0000000746000000| Untracked 
|  75|0x0000000746100000, 0x0000000746100000, 0x0000000746200000|  0%| F|  |TAMS 0x0000000746100000, 0x0000000746100000| Untracked 
|  76|0x0000000746200000, 0x0000000746200000, 0x0000000746300000|  0%| F|  |TAMS 0x0000000746200000, 0x0000000746200000| Untracked 
|  77|0x0000000746300000, 0x0000000746300000, 0x0000000746400000|  0%| F|  |TAMS 0x0000000746300000, 0x0000000746300000| Untracked 
|  78|0x0000000746400000, 0x0000000746400000, 0x0000000746500000|  0%| F|  |TAMS 0x0000000746400000, 0x0000000746400000| Untracked 
|  79|0x0000000746500000, 0x0000000746500000, 0x0000000746600000|  0%| F|  |TAMS 0x0000000746500000, 0x0000000746500000| Untracked 
|  80|0x0000000746600000, 0x0000000746600000, 0x0000000746700000|  0%| F|  |TAMS 0x0000000746600000, 0x0000000746600000| Untracked 
|  81|0x0000000746700000, 0x0000000746700000, 0x0000000746800000|  0%| F|  |TAMS 0x0000000746700000, 0x0000000746700000| Untracked 
|  82|0x0000000746800000, 0x0000000746800000, 0x0000000746900000|  0%| F|  |TAMS 0x0000000746800000, 0x0000000746800000| Untracked 
|  83|0x0000000746900000, 0x0000000746900000, 0x0000000746a00000|  0%| F|  |TAMS 0x0000000746900000, 0x0000000746900000| Untracked 
|  84|0x0000000746a00000, 0x0000000746a00000, 0x0000000746b00000|  0%| F|  |TAMS 0x0000000746a00000, 0x0000000746a00000| Untracked 
|  85|0x0000000746b00000, 0x0000000746b00000, 0x0000000746c00000|  0%| F|  |TAMS 0x0000000746b00000, 0x0000000746b00000| Untracked 
|  86|0x0000000746c00000, 0x0000000746c00000, 0x0000000746d00000|  0%| F|  |TAMS 0x0000000746c00000, 0x0000000746c00000| Untracked 
|  87|0x0000000746d00000, 0x0000000746d00000, 0x0000000746e00000|  0%| F|  |TAMS 0x0000000746d00000, 0x0000000746d00000| Untracked 
|  88|0x0000000746e00000, 0x0000000746e00000, 0x0000000746f00000|  0%| F|  |TAMS 0x0000000746e00000, 0x0000000746e00000| Untracked 
|  89|0x0000000746f00000, 0x0000000746f00000, 0x0000000747000000|  0%| F|  |TAMS 0x0000000746f00000, 0x0000000746f00000| Untracked 
|  90|0x0000000747000000, 0x0000000747000000, 0x0000000747100000|  0%| F|  |TAMS 0x0000000747000000, 0x0000000747000000| Untracked 
|  91|0x0000000747100000, 0x0000000747100000, 0x0000000747200000|  0%| F|  |TAMS 0x0000000747100000, 0x0000000747100000| Untracked 
|  92|0x0000000747200000, 0x0000000747200000, 0x0000000747300000|  0%| F|  |TAMS 0x0000000747200000, 0x0000000747200000| Untracked 
|  93|0x0000000747300000, 0x0000000747300000, 0x0000000747400000|  0%| F|  |TAMS 0x0000000747300000, 0x0000000747300000| Untracked 
|  94|0x0000000747400000, 0x0000000747400000, 0x0000000747500000|  0%| F|  |TAMS 0x0000000747400000, 0x0000000747400000| Untracked 
|  95|0x0000000747500000, 0x0000000747500000, 0x0000000747600000|  0%| F|  |TAMS 0x0000000747500000, 0x0000000747500000| Untracked 
|  96|0x0000000747600000, 0x0000000747600000, 0x0000000747700000|  0%| F|  |TAMS 0x0000000747600000, 0x0000000747600000| Untracked 
|  97|0x0000000747700000, 0x0000000747700000, 0x0000000747800000|  0%| F|  |TAMS 0x0000000747700000, 0x0000000747700000| Untracked 
|  98|0x0000000747800000, 0x0000000747800000, 0x0000000747900000|  0%| F|  |TAMS 0x0000000747800000, 0x0000000747800000| Untracked 
|  99|0x0000000747900000, 0x0000000747900000, 0x0000000747a00000|  0%| F|  |TAMS 0x0000000747900000, 0x0000000747900000| Untracked 
| 100|0x0000000747a00000, 0x0000000747a00000, 0x0000000747b00000|  0%| F|  |TAMS 0x0000000747a00000, 0x0000000747a00000| Untracked 
| 101|0x0000000747b00000, 0x0000000747b00000, 0x0000000747c00000|  0%| F|  |TAMS 0x0000000747b00000, 0x0000000747b00000| Untracked 
| 102|0x0000000747c00000, 0x0000000747c00000, 0x0000000747d00000|  0%| F|  |TAMS 0x0000000747c00000, 0x0000000747c00000| Untracked 
| 103|0x0000000747d00000, 0x0000000747d00000, 0x0000000747e00000|  0%| F|  |TAMS 0x0000000747d00000, 0x0000000747d00000| Untracked 
| 104|0x0000000747e00000, 0x0000000747e00000, 0x0000000747f00000|  0%| F|  |TAMS 0x0000000747e00000, 0x0000000747e00000| Untracked 
| 105|0x0000000747f00000, 0x0000000747f00000, 0x0000000748000000|  0%| F|  |TAMS 0x0000000747f00000, 0x0000000747f00000| Untracked 
| 106|0x0000000748000000, 0x0000000748000000, 0x0000000748100000|  0%| F|  |TAMS 0x0000000748000000, 0x0000000748000000| Untracked 
| 107|0x0000000748100000, 0x0000000748100000, 0x0000000748200000|  0%| F|  |TAMS 0x0000000748100000, 0x0000000748100000| Untracked 
| 108|0x0000000748200000, 0x0000000748200000, 0x0000000748300000|  0%| F|  |TAMS 0x0000000748200000, 0x0000000748200000| Untracked 
| 109|0x0000000748300000, 0x0000000748300000, 0x0000000748400000|  0%| F|  |TAMS 0x0000000748300000, 0x0000000748300000| Untracked 
| 110|0x0000000748400000, 0x0000000748400000, 0x0000000748500000|  0%| F|  |TAMS 0x0000000748400000, 0x0000000748400000| Untracked 
| 111|0x0000000748500000, 0x0000000748500000, 0x0000000748600000|  0%| F|  |TAMS 0x0000000748500000, 0x0000000748500000| Untracked 
| 112|0x0000000748600000, 0x0000000748600000, 0x0000000748700000|  0%| F|  |TAMS 0x0000000748600000, 0x0000000748600000| Untracked 
| 113|0x0000000748700000, 0x0000000748700000, 0x0000000748800000|  0%| F|  |TAMS 0x0000000748700000, 0x0000000748700000| Untracked 
| 114|0x0000000748800000, 0x0000000748800000, 0x0000000748900000|  0%| F|  |TAMS 0x0000000748800000, 0x0000000748800000| Untracked 
| 115|0x0000000748900000, 0x0000000748900000, 0x0000000748a00000|  0%| F|  |TAMS 0x0000000748900000, 0x0000000748900000| Untracked 
| 116|0x0000000748a00000, 0x0000000748a00000, 0x0000000748b00000|  0%| F|  |TAMS 0x0000000748a00000, 0x0000000748a00000| Untracked 
| 117|0x0000000748b00000, 0x0000000748b00000, 0x0000000748c00000|  0%| F|  |TAMS 0x0000000748b00000, 0x0000000748b00000| Untracked 
| 118|0x0000000748c00000, 0x0000000748c00000, 0x0000000748d00000|  0%| F|  |TAMS 0x0000000748c00000, 0x0000000748c00000| Untracked 
| 119|0x0000000748d00000, 0x0000000748d00000, 0x0000000748e00000|  0%| F|  |TAMS 0x0000000748d00000, 0x0000000748d00000| Untracked 
| 120|0x0000000748e00000, 0x0000000748e00000, 0x0000000748f00000|  0%| F|  |TAMS 0x0000000748e00000, 0x0000000748e00000| Untracked 
| 121|0x0000000748f00000, 0x0000000748f00000, 0x0000000749000000|  0%| F|  |TAMS 0x0000000748f00000, 0x0000000748f00000| Untracked 
| 122|0x0000000749000000, 0x0000000749000000, 0x0000000749100000|  0%| F|  |TAMS 0x0000000749000000, 0x0000000749000000| Untracked 
| 123|0x0000000749100000, 0x00000007491cead0, 0x0000000749200000| 80%| S|CS|TAMS 0x0000000749100000, 0x0000000749100000| Complete 
| 124|0x0000000749200000, 0x0000000749300000, 0x0000000749300000|100%| S|CS|TAMS 0x0000000749200000, 0x0000000749200000| Complete 
| 125|0x0000000749300000, 0x0000000749400000, 0x0000000749400000|100%| S|CS|TAMS 0x0000000749300000, 0x0000000749300000| Complete 
| 126|0x0000000749400000, 0x0000000749500000, 0x0000000749500000|100%| S|CS|TAMS 0x0000000749400000, 0x0000000749400000| Complete 
| 127|0x0000000749500000, 0x0000000749600000, 0x0000000749600000|100%| S|CS|TAMS 0x0000000749500000, 0x0000000749500000| Complete 
| 128|0x0000000749600000, 0x0000000749700000, 0x0000000749700000|100%| S|CS|TAMS 0x0000000749600000, 0x0000000749600000| Complete 
| 129|0x0000000749700000, 0x0000000749800000, 0x0000000749800000|100%| S|CS|TAMS 0x0000000749700000, 0x0000000749700000| Complete 
| 130|0x0000000749800000, 0x0000000749900000, 0x0000000749900000|100%| S|CS|TAMS 0x0000000749800000, 0x0000000749800000| Complete 
| 131|0x0000000749900000, 0x0000000749a00000, 0x0000000749a00000|100%| S|CS|TAMS 0x0000000749900000, 0x0000000749900000| Complete 
| 132|0x0000000749a00000, 0x0000000749b00000, 0x0000000749b00000|100%| S|CS|TAMS 0x0000000749a00000, 0x0000000749a00000| Complete 
| 133|0x0000000749b00000, 0x0000000749c00000, 0x0000000749c00000|100%| S|CS|TAMS 0x0000000749b00000, 0x0000000749b00000| Complete 
| 134|0x0000000749c00000, 0x0000000749c00000, 0x0000000749d00000|  0%| F|  |TAMS 0x0000000749c00000, 0x0000000749c00000| Untracked 
| 135|0x0000000749d00000, 0x0000000749d00000, 0x0000000749e00000|  0%| F|  |TAMS 0x0000000749d00000, 0x0000000749d00000| Untracked 
| 136|0x0000000749e00000, 0x0000000749e00000, 0x0000000749f00000|  0%| F|  |TAMS 0x0000000749e00000, 0x0000000749e00000| Untracked 
| 137|0x0000000749f00000, 0x0000000749f00000, 0x000000074a000000|  0%| F|  |TAMS 0x0000000749f00000, 0x0000000749f00000| Untracked 
| 138|0x000000074a000000, 0x000000074a000000, 0x000000074a100000|  0%| F|  |TAMS 0x000000074a000000, 0x000000074a000000| Untracked 
| 139|0x000000074a100000, 0x000000074a100000, 0x000000074a200000|  0%| F|  |TAMS 0x000000074a100000, 0x000000074a100000| Untracked 
| 140|0x000000074a200000, 0x000000074a200000, 0x000000074a300000|  0%| F|  |TAMS 0x000000074a200000, 0x000000074a200000| Untracked 
| 141|0x000000074a300000, 0x000000074a300000, 0x000000074a400000|  0%| F|  |TAMS 0x000000074a300000, 0x000000074a300000| Untracked 
| 142|0x000000074a400000, 0x000000074a400000, 0x000000074a500000|  0%| F|  |TAMS 0x000000074a400000, 0x000000074a400000| Untracked 
| 143|0x000000074a500000, 0x000000074a500000, 0x000000074a600000|  0%| F|  |TAMS 0x000000074a500000, 0x000000074a500000| Untracked 
| 144|0x000000074a600000, 0x000000074a600000, 0x000000074a700000|  0%| F|  |TAMS 0x000000074a600000, 0x000000074a600000| Untracked 
| 145|0x000000074a700000, 0x000000074a700000, 0x000000074a800000|  0%| F|  |TAMS 0x000000074a700000, 0x000000074a700000| Untracked 
| 146|0x000000074a800000, 0x000000074a800000, 0x000000074a900000|  0%| F|  |TAMS 0x000000074a800000, 0x000000074a800000| Untracked 
| 147|0x000000074a900000, 0x000000074a900000, 0x000000074aa00000|  0%| F|  |TAMS 0x000000074a900000, 0x000000074a900000| Untracked 
| 148|0x000000074aa00000, 0x000000074ab00000, 0x000000074ab00000|100%| E|  |TAMS 0x000000074aa00000, 0x000000074aa00000| Complete 
| 149|0x000000074ab00000, 0x000000074ac00000, 0x000000074ac00000|100%| E|CS|TAMS 0x000000074ab00000, 0x000000074ab00000| Complete 
| 150|0x000000074ac00000, 0x000000074ad00000, 0x000000074ad00000|100%| E|CS|TAMS 0x000000074ac00000, 0x000000074ac00000| Complete 
| 151|0x000000074ad00000, 0x000000074ae00000, 0x000000074ae00000|100%| E|CS|TAMS 0x000000074ad00000, 0x000000074ad00000| Complete 
| 152|0x000000074ae00000, 0x000000074af00000, 0x000000074af00000|100%| E|CS|TAMS 0x000000074ae00000, 0x000000074ae00000| Complete 
| 153|0x000000074af00000, 0x000000074b000000, 0x000000074b000000|100%| E|CS|TAMS 0x000000074af00000, 0x000000074af00000| Complete 
| 154|0x000000074b000000, 0x000000074b100000, 0x000000074b100000|100%| E|CS|TAMS 0x000000074b000000, 0x000000074b000000| Complete 
| 155|0x000000074b100000, 0x000000074b200000, 0x000000074b200000|100%| E|CS|TAMS 0x000000074b100000, 0x000000074b100000| Complete 
| 156|0x000000074b200000, 0x000000074b300000, 0x000000074b300000|100%| E|CS|TAMS 0x000000074b200000, 0x000000074b200000| Complete 
| 157|0x000000074b300000, 0x000000074b400000, 0x000000074b400000|100%| E|CS|TAMS 0x000000074b300000, 0x000000074b300000| Complete 
| 158|0x000000074b400000, 0x000000074b500000, 0x000000074b500000|100%| E|CS|TAMS 0x000000074b400000, 0x000000074b400000| Complete 
| 159|0x000000074b500000, 0x000000074b600000, 0x000000074b600000|100%| E|CS|TAMS 0x000000074b500000, 0x000000074b500000| Complete 
| 160|0x000000074b600000, 0x000000074b700000, 0x000000074b700000|100%| E|CS|TAMS 0x000000074b600000, 0x000000074b600000| Complete 
| 161|0x000000074b700000, 0x000000074b800000, 0x000000074b800000|100%| E|CS|TAMS 0x000000074b700000, 0x000000074b700000| Complete 
| 162|0x000000074b800000, 0x000000074b900000, 0x000000074b900000|100%| E|CS|TAMS 0x000000074b800000, 0x000000074b800000| Complete 
| 163|0x000000074b900000, 0x000000074ba00000, 0x000000074ba00000|100%| E|CS|TAMS 0x000000074b900000, 0x000000074b900000| Complete 
| 164|0x000000074ba00000, 0x000000074bb00000, 0x000000074bb00000|100%| E|CS|TAMS 0x000000074ba00000, 0x000000074ba00000| Complete 
| 165|0x000000074bb00000, 0x000000074bc00000, 0x000000074bc00000|100%| E|CS|TAMS 0x000000074bb00000, 0x000000074bb00000| Complete 
| 166|0x000000074bc00000, 0x000000074bd00000, 0x000000074bd00000|100%| E|CS|TAMS 0x000000074bc00000, 0x000000074bc00000| Complete 
| 167|0x000000074bd00000, 0x000000074be00000, 0x000000074be00000|100%| E|CS|TAMS 0x000000074bd00000, 0x000000074bd00000| Complete 
| 168|0x000000074be00000, 0x000000074bf00000, 0x000000074bf00000|100%| E|CS|TAMS 0x000000074be00000, 0x000000074be00000| Complete 
| 169|0x000000074bf00000, 0x000000074c000000, 0x000000074c000000|100%| E|CS|TAMS 0x000000074bf00000, 0x000000074bf00000| Complete 
| 170|0x000000074c000000, 0x000000074c100000, 0x000000074c100000|100%| E|CS|TAMS 0x000000074c000000, 0x000000074c000000| Complete 
| 171|0x000000074c100000, 0x000000074c200000, 0x000000074c200000|100%| E|CS|TAMS 0x000000074c100000, 0x000000074c100000| Complete 
| 172|0x000000074c200000, 0x000000074c300000, 0x000000074c300000|100%| E|CS|TAMS 0x000000074c200000, 0x000000074c200000| Complete 
| 173|0x000000074c300000, 0x000000074c400000, 0x000000074c400000|100%| E|CS|TAMS 0x000000074c300000, 0x000000074c300000| Complete 
| 174|0x000000074c400000, 0x000000074c500000, 0x000000074c500000|100%| E|CS|TAMS 0x000000074c400000, 0x000000074c400000| Complete 
| 175|0x000000074c500000, 0x000000074c600000, 0x000000074c600000|100%| E|CS|TAMS 0x000000074c500000, 0x000000074c500000| Complete 
| 176|0x000000074c600000, 0x000000074c700000, 0x000000074c700000|100%| E|CS|TAMS 0x000000074c600000, 0x000000074c600000| Complete 
| 177|0x000000074c700000, 0x000000074c800000, 0x000000074c800000|100%| E|CS|TAMS 0x000000074c700000, 0x000000074c700000| Complete 
| 178|0x000000074c800000, 0x000000074c900000, 0x000000074c900000|100%| E|CS|TAMS 0x000000074c800000, 0x000000074c800000| Complete 
| 179|0x000000074c900000, 0x000000074ca00000, 0x000000074ca00000|100%| E|CS|TAMS 0x000000074c900000, 0x000000074c900000| Complete 
| 180|0x000000074ca00000, 0x000000074cb00000, 0x000000074cb00000|100%| E|CS|TAMS 0x000000074ca00000, 0x000000074ca00000| Complete 
| 181|0x000000074cb00000, 0x000000074cc00000, 0x000000074cc00000|100%| E|CS|TAMS 0x000000074cb00000, 0x000000074cb00000| Complete 
| 182|0x000000074cc00000, 0x000000074cd00000, 0x000000074cd00000|100%| E|CS|TAMS 0x000000074cc00000, 0x000000074cc00000| Complete 
| 183|0x000000074cd00000, 0x000000074ce00000, 0x000000074ce00000|100%| E|CS|TAMS 0x000000074cd00000, 0x000000074cd00000| Complete 
| 184|0x000000074ce00000, 0x000000074cf00000, 0x000000074cf00000|100%| E|CS|TAMS 0x000000074ce00000, 0x000000074ce00000| Complete 
| 185|0x000000074cf00000, 0x000000074d000000, 0x000000074d000000|100%| E|CS|TAMS 0x000000074cf00000, 0x000000074cf00000| Complete 
| 186|0x000000074d000000, 0x000000074d100000, 0x000000074d100000|100%| E|CS|TAMS 0x000000074d000000, 0x000000074d000000| Complete 
| 187|0x000000074d100000, 0x000000074d200000, 0x000000074d200000|100%| E|CS|TAMS 0x000000074d100000, 0x000000074d100000| Complete 
| 188|0x000000074d200000, 0x000000074d300000, 0x000000074d300000|100%| E|CS|TAMS 0x000000074d200000, 0x000000074d200000| Complete 
| 189|0x000000074d300000, 0x000000074d400000, 0x000000074d400000|100%| E|CS|TAMS 0x000000074d300000, 0x000000074d300000| Complete 
| 190|0x000000074d400000, 0x000000074d500000, 0x000000074d500000|100%| E|CS|TAMS 0x000000074d400000, 0x000000074d400000| Complete 
| 191|0x000000074d500000, 0x000000074d600000, 0x000000074d600000|100%| E|CS|TAMS 0x000000074d500000, 0x000000074d500000| Complete 
| 192|0x000000074d600000, 0x000000074d700000, 0x000000074d700000|100%| E|CS|TAMS 0x000000074d600000, 0x000000074d600000| Complete 
| 193|0x000000074d700000, 0x000000074d800000, 0x000000074d800000|100%| E|CS|TAMS 0x000000074d700000, 0x000000074d700000| Complete 
| 194|0x000000074d800000, 0x000000074d900000, 0x000000074d900000|100%| E|CS|TAMS 0x000000074d800000, 0x000000074d800000| Complete 
| 195|0x000000074d900000, 0x000000074da00000, 0x000000074da00000|100%| E|CS|TAMS 0x000000074d900000, 0x000000074d900000| Complete 
| 196|0x000000074da00000, 0x000000074db00000, 0x000000074db00000|100%| E|CS|TAMS 0x000000074da00000, 0x000000074da00000| Complete 
| 197|0x000000074db00000, 0x000000074dc00000, 0x000000074dc00000|100%| E|CS|TAMS 0x000000074db00000, 0x000000074db00000| Complete 
| 198|0x000000074dc00000, 0x000000074dd00000, 0x000000074dd00000|100%| E|CS|TAMS 0x000000074dc00000, 0x000000074dc00000| Complete 
| 199|0x000000074dd00000, 0x000000074de00000, 0x000000074de00000|100%| E|CS|TAMS 0x000000074dd00000, 0x000000074dd00000| Complete 
| 200|0x000000074de00000, 0x000000074df00000, 0x000000074df00000|100%| E|CS|TAMS 0x000000074de00000, 0x000000074de00000| Complete 
| 201|0x000000074df00000, 0x000000074e000000, 0x000000074e000000|100%| E|CS|TAMS 0x000000074df00000, 0x000000074df00000| Complete 
| 202|0x000000074e000000, 0x000000074e100000, 0x000000074e100000|100%| E|CS|TAMS 0x000000074e000000, 0x000000074e000000| Complete 
| 203|0x000000074e100000, 0x000000074e200000, 0x000000074e200000|100%| E|CS|TAMS 0x000000074e100000, 0x000000074e100000| Complete 
| 204|0x000000074e200000, 0x000000074e300000, 0x000000074e300000|100%| E|CS|TAMS 0x000000074e200000, 0x000000074e200000| Complete 
| 205|0x000000074e300000, 0x000000074e400000, 0x000000074e400000|100%| E|CS|TAMS 0x000000074e300000, 0x000000074e300000| Complete 
| 206|0x000000074e400000, 0x000000074e500000, 0x000000074e500000|100%| E|CS|TAMS 0x000000074e400000, 0x000000074e400000| Complete 
| 207|0x000000074e500000, 0x000000074e600000, 0x000000074e600000|100%| E|CS|TAMS 0x000000074e500000, 0x000000074e500000| Complete 
| 208|0x000000074e600000, 0x000000074e700000, 0x000000074e700000|100%| E|CS|TAMS 0x000000074e600000, 0x000000074e600000| Complete 
| 209|0x000000074e700000, 0x000000074e800000, 0x000000074e800000|100%| E|CS|TAMS 0x000000074e700000, 0x000000074e700000| Complete 
| 210|0x000000074e800000, 0x000000074e900000, 0x000000074e900000|100%| E|CS|TAMS 0x000000074e800000, 0x000000074e800000| Complete 
| 211|0x000000074e900000, 0x000000074ea00000, 0x000000074ea00000|100%| E|CS|TAMS 0x000000074e900000, 0x000000074e900000| Complete 
| 212|0x000000074ea00000, 0x000000074eb00000, 0x000000074eb00000|100%| E|CS|TAMS 0x000000074ea00000, 0x000000074ea00000| Complete 
| 213|0x000000074eb00000, 0x000000074ec00000, 0x000000074ec00000|100%| E|CS|TAMS 0x000000074eb00000, 0x000000074eb00000| Complete 
| 214|0x000000074ec00000, 0x000000074ed00000, 0x000000074ed00000|100%| E|CS|TAMS 0x000000074ec00000, 0x000000074ec00000| Complete 
| 215|0x000000074ed00000, 0x000000074ee00000, 0x000000074ee00000|100%| E|CS|TAMS 0x000000074ed00000, 0x000000074ed00000| Complete 
| 216|0x000000074ee00000, 0x000000074ef00000, 0x000000074ef00000|100%| E|CS|TAMS 0x000000074ee00000, 0x000000074ee00000| Complete 
| 217|0x000000074ef00000, 0x000000074f000000, 0x000000074f000000|100%| E|CS|TAMS 0x000000074ef00000, 0x000000074ef00000| Complete 
| 218|0x000000074f000000, 0x000000074f100000, 0x000000074f100000|100%| E|CS|TAMS 0x000000074f000000, 0x000000074f000000| Complete 
| 219|0x000000074f100000, 0x000000074f200000, 0x000000074f200000|100%| E|CS|TAMS 0x000000074f100000, 0x000000074f100000| Complete 
| 220|0x000000074f200000, 0x000000074f300000, 0x000000074f300000|100%| E|CS|TAMS 0x000000074f200000, 0x000000074f200000| Complete 
| 221|0x000000074f300000, 0x000000074f400000, 0x000000074f400000|100%| E|CS|TAMS 0x000000074f300000, 0x000000074f300000| Complete 
| 222|0x000000074f400000, 0x000000074f500000, 0x000000074f500000|100%| E|CS|TAMS 0x000000074f400000, 0x000000074f400000| Complete 
| 223|0x000000074f500000, 0x000000074f600000, 0x000000074f600000|100%| E|CS|TAMS 0x000000074f500000, 0x000000074f500000| Complete 
| 224|0x000000074f600000, 0x000000074f700000, 0x000000074f700000|100%| E|CS|TAMS 0x000000074f600000, 0x000000074f600000| Complete 
| 225|0x000000074f700000, 0x000000074f800000, 0x000000074f800000|100%| E|CS|TAMS 0x000000074f700000, 0x000000074f700000| Complete 
| 226|0x000000074f800000, 0x000000074f900000, 0x000000074f900000|100%| E|CS|TAMS 0x000000074f800000, 0x000000074f800000| Complete 
| 227|0x000000074f900000, 0x000000074fa00000, 0x000000074fa00000|100%| E|CS|TAMS 0x000000074f900000, 0x000000074f900000| Complete 
| 228|0x000000074fa00000, 0x000000074fb00000, 0x000000074fb00000|100%| E|CS|TAMS 0x000000074fa00000, 0x000000074fa00000| Complete 
| 229|0x000000074fb00000, 0x000000074fc00000, 0x000000074fc00000|100%| E|CS|TAMS 0x000000074fb00000, 0x000000074fb00000| Complete 
| 230|0x000000074fc00000, 0x000000074fd00000, 0x000000074fd00000|100%| E|CS|TAMS 0x000000074fc00000, 0x000000074fc00000| Complete 

Card table byte_map: [0x00000210badb0000,0x00000210bb3b0000] _byte_map_base: 0x00000210b73a5000

Marking Bits (Prev, Next): (CMBitMap*) 0x00000210a1540b80, (CMBitMap*) 0x00000210a1540b48
 Prev Bits: [0x00000210be960000, 0x00000210c1908000)
 Next Bits: [0x00000210bb9b0000, 0x00000210be958000)

Polling page: 0x00000210a15d0000

Metaspace:

Usage:
  Non-class:     58.98 MB capacity,    57.94 MB ( 98%) used,   823.17 KB (  1%) free+waste,   239.13 KB ( <1%) overhead. 
      Class:      9.32 MB capacity,     8.57 MB ( 92%) used,   651.09 KB (  7%) free+waste,   114.63 KB (  1%) overhead. 
       Both:     68.30 MB capacity,    66.51 MB ( 97%) used,     1.44 MB (  2%) free+waste,   353.75 KB ( <1%) overhead. 

Virtual space:
  Non-class space:       60.00 MB reserved,      59.00 MB ( 98%) committed 
      Class space:        1.00 GB reserved,       9.38 MB ( <1%) committed 
             Both:        1.06 GB reserved,      68.38 MB (  6%) committed 

Chunk freelists:
   Non-Class:  3.13 KB
       Class:  0 bytes
        Both:  3.13 KB

CodeHeap 'non-profiled nmethods': size=120064Kb used=2877Kb max_used=2877Kb free=117186Kb
 bounds [0x00000210b2c40000, 0x00000210b2f10000, 0x00000210ba180000]
CodeHeap 'profiled nmethods': size=120000Kb used=11126Kb max_used=11126Kb free=108873Kb
 bounds [0x00000210ab710000, 0x00000210ac1f0000, 0x00000210b2c40000]
CodeHeap 'non-nmethods': size=5696Kb used=1246Kb max_used=1313Kb free=4449Kb
 bounds [0x00000210ab180000, 0x00000210ab3f0000, 0x00000210ab710000]
 total_blobs=5634 nmethods=5017 adapters=527
 compilation: enabled
              stopped_count=0, restarted_count=0
 full_count=0

Compilation events (10 events):
Event: 10.060 Thread 0x00000210c4833800 nmethod 4783 0x00000210b2efd690 code [0x00000210b2efe000, 0x00000210b2f06598]
Event: 10.061 Thread 0x00000210c4833800 5001       4       java.util.TreeMap::successor (66 bytes)
Event: 10.062 Thread 0x00000210c4833800 nmethod 5001 0x00000210b2f0b890 code [0x00000210b2f0ba20, 0x00000210b2f0baf8]
Event: 10.062 Thread 0x00000210c4833800 4492       4       org.springframework.core.annotation.TypeMappedAnnotations$MergedAnnotationFinder::doWithAnnotations (75 bytes)
Event: 10.088 Thread 0x00000210c4835000 5077       3       org.h2.mvstore.Chunk::isRewritable (38 bytes)
Event: 10.088 Thread 0x00000210c4835000 nmethod 5077 0x00000210ac1ec890 code [0x00000210ac1eca60, 0x00000210ac1eceb8]
Event: 10.127 Thread 0x00000210c4833800 nmethod 4492 0x00000210b2f0bc10 code [0x00000210b2f0bf40, 0x00000210b2f0dde0]
Event: 10.128 Thread 0x00000210c4833800 4494       4       org.springframework.core.annotation.AnnotationsScanner::getDeclaredAnnotations (166 bytes)
Event: 10.150 Thread 0x00000210c4835000 5078       3       org.h2.mvstore.RootReference::hasChangesSince (44 bytes)
Event: 10.151 Thread 0x00000210c4835000 nmethod 5078 0x00000210ac1ed010 code [0x00000210ac1ed200, 0x00000210ac1ed7b8]

GC Heap History (10 events):
Event: 2.859 GC heap before
{Heap before GC invocations=5 (full 0):
 garbage-first heap   total 196608K, used 51092K [0x0000000741600000, 0x0000000800000000)
  region size 1024K, 45 young (46080K), 3 survivors (3072K)
 Metaspace       used 24946K, capacity 25604K, committed 25728K, reserved 1071104K
  class space    used 2891K, capacity 3146K, committed 3200K, reserved 1048576K
}
Event: 2.866 GC heap after
{Heap after GC invocations=6 (full 0):
 garbage-first heap   total 196608K, used 10427K [0x0000000741600000, 0x0000000800000000)
  region size 1024K, 4 young (4096K), 4 survivors (4096K)
 Metaspace       used 24946K, capacity 25604K, committed 25728K, reserved 1071104K
  class space    used 2891K, capacity 3146K, committed 3200K, reserved 1048576K
}
Event: 3.711 GC heap before
{Heap before GC invocations=6 (full 0):
 garbage-first heap   total 196608K, used 82107K [0x0000000741600000, 0x0000000800000000)
  region size 1024K, 75 young (76800K), 4 survivors (4096K)
 Metaspace       used 30216K, capacity 30962K, committed 31232K, reserved 1077248K
  class space    used 3498K, capacity 3795K, committed 3840K, reserved 1048576K
}
Event: 3.719 GC heap after
{Heap after GC invocations=7 (full 0):
 garbage-first heap   total 196608K, used 12438K [0x0000000741600000, 0x0000000800000000)
  region size 1024K, 6 young (6144K), 6 survivors (6144K)
 Metaspace       used 30216K, capacity 30962K, committed 31232K, reserved 1077248K
  class space    used 3498K, capacity 3795K, committed 3840K, reserved 1048576K
}
Event: 4.701 GC heap before
{Heap before GC invocations=7 (full 0):
 garbage-first heap   total 196608K, used 54422K [0x0000000741600000, 0x0000000800000000)
  region size 1024K, 48 young (49152K), 6 survivors (6144K)
 Metaspace       used 34833K, capacity 35720K, committed 35840K, reserved 1081344K
  class space    used 4157K, capacity 4511K, committed 4608K, reserved 1048576K
}
Event: 4.711 GC heap after
{Heap after GC invocations=8 (full 0):
 garbage-first heap   total 196608K, used 14612K [0x0000000741600000, 0x0000000800000000)
  region size 1024K, 8 young (8192K), 8 survivors (8192K)
 Metaspace       used 34833K, capacity 35720K, committed 35840K, reserved 1081344K
  class space    used 4157K, capacity 4511K, committed 4608K, reserved 1048576K
}
Event: 6.315 GC heap before
{Heap before GC invocations=9 (full 0):
 garbage-first heap   total 196608K, used 105748K [0x0000000741600000, 0x0000000800000000)
  region size 1024K, 98 young (100352K), 8 survivors (8192K)
 Metaspace       used 43108K, capacity 44364K, committed 44672K, reserved 1087488K
  class space    used 5205K, capacity 5697K, committed 5760K, reserved 1048576K
}
Event: 6.333 GC heap after
{Heap after GC invocations=10 (full 0):
 garbage-first heap   total 236544K, used 17934K [0x0000000741600000, 0x0000000800000000)
  region size 1024K, 10 young (10240K), 10 survivors (10240K)
 Metaspace       used 43108K, capacity 44364K, committed 44672K, reserved 1087488K
  class space    used 5205K, capacity 5697K, committed 5760K, reserved 1048576K
}
Event: 8.107 GC heap before
{Heap before GC invocations=10 (full 0):
 garbage-first heap   total 236544K, used 118286K [0x0000000741600000, 0x0000000800000000)
  region size 1024K, 107 young (109568K), 10 survivors (10240K)
 Metaspace       used 58764K, capacity 60090K, committed 60160K, reserved 1101824K
  class space    used 7492K, capacity 8037K, committed 8064K, reserved 1048576K
}
Event: 8.123 GC heap after
{Heap after GC invocations=11 (full 0):
 garbage-first heap   total 236544K, used 23022K [0x0000000741600000, 0x0000000800000000)
  region size 1024K, 11 young (11264K), 11 survivors (11264K)
 Metaspace       used 58764K, capacity 60090K, committed 60160K, reserved 1101824K
  class space    used 7492K, capacity 8037K, committed 8064K, reserved 1048576K
}

Deoptimization events (10 events):
Event: 8.959 Thread 0x00000210a14f2000 Uncommon trap: reason=class_check action=maybe_recompile pc=0x00000210b2e7b55c method=java.lang.reflect.Method.equals(Ljava/lang/Object;)Z @ 5 c2
Event: 8.959 Thread 0x00000210a14f2000 Uncommon trap: reason=class_check action=maybe_recompile pc=0x00000210b2e7b55c method=java.lang.reflect.Method.equals(Ljava/lang/Object;)Z @ 5 c2
Event: 9.070 Thread 0x00000210a14f2000 Uncommon trap: reason=unstable_if action=reinterpret pc=0x00000210b2e8e418 method=java.util.concurrent.ConcurrentHashMap.putVal(Ljava/lang/Object;Ljava/lang/Object;Z)Ljava/lang/Object; @ 401 c2
Event: 9.071 Thread 0x00000210a14f2000 Uncommon trap: reason=unstable_if action=reinterpret pc=0x00000210b2e04ef0 method=java.util.concurrent.ConcurrentHashMap.get(Ljava/lang/Object;)Ljava/lang/Object; @ 86 c2
Event: 9.100 Thread 0x00000210a14f2000 Uncommon trap: reason=unstable_if action=reinterpret pc=0x00000210b2cde0b4 method=java.util.concurrent.ConcurrentHashMap.transfer([Ljava/util/concurrent/ConcurrentHashMap$Node;[Ljava/util/concurrent/ConcurrentHashMap$Node;)V @ 352 c2
Event: 9.352 Thread 0x00000210a14f2000 Uncommon trap: reason=unstable_if action=reinterpret pc=0x00000210b2e07ce0 method=org.springframework.beans.factory.support.DefaultSingletonBeanRegistry.getSingleton(Ljava/lang/String;Z)Ljava/lang/Object; @ 39 c2
Event: 9.554 Thread 0x00000210a14f2000 Uncommon trap: reason=null_check action=make_not_entrant pc=0x00000210b2d76be0 method=org.springframework.util.ClassUtils.isAssignable(Ljava/lang/Class;Ljava/lang/Class;)Z @ 14 c2
Event: 9.598 Thread 0x00000210a14f2000 Uncommon trap: reason=class_check action=maybe_recompile pc=0x00000210b2e7b55c method=java.lang.reflect.Method.equals(Ljava/lang/Object;)Z @ 5 c2
Event: 9.667 Thread 0x00000210a14f2000 Uncommon trap: reason=unstable_if action=reinterpret pc=0x00000210b2cbf87c method=org.springframework.util.ConcurrentReferenceHashMap$Segment.clear()V @ 7 c2
Event: 9.723 Thread 0x00000210a14f2000 Uncommon trap: reason=null_check action=make_not_entrant pc=0x00000210b2ebb7d8 method=java.util.AbstractCollection.toArray([Ljava/lang/Object;)[Ljava/lang/Object; @ 116 c2

Classes redefined (0 events):
No events

Internal exceptions (10 events):
Event: 9.620 Thread 0x00000210a14f2000 Exception <a 'java/lang/NoSuchMethodError'{0x000000074afd7910}: java.lang.invoke.DirectMethodHandle$Holder.invokeSpecial(Ljava/lang/Object;Ljava/lang/Object;ILjava/lang/Object;ILjava/lang/Object;)Ljava/lang/Object;> (0x000000074afd7910) thrown at [./open/
Event: 9.620 Thread 0x00000210a14f2000 Exception <a 'java/lang/NoSuchMethodError'{0x000000074afdedf0}: java.lang.invoke.DirectMethodHandle$Holder.invokeStatic(Ljava/lang/Object;Ljava/lang/Object;ILjava/lang/Object;I)Ljava/lang/Object;> (0x000000074afdedf0) thrown at [./open/src/hotspot/share/i
Event: 9.620 Thread 0x00000210a14f2000 Exception <a 'java/lang/NoSuchMethodError'{0x000000074afe25c8}: java.lang.invoke.DirectMethodHandle$Holder.invokeSpecial(Ljava/lang/Object;Ljava/lang/Object;Ljava/lang/Object;ILjava/lang/Object;I)Ljava/lang/Object;> (0x000000074afe25c8) thrown at [./open/
Event: 9.622 Thread 0x00000210a14f2000 Exception <a 'java/lang/NoSuchMethodError'{0x000000074aff0840}: java.lang.invoke.DirectMethodHandle$Holder.invokeVirtual(Ljava/lang/Object;Ljava/lang/Object;)V> (0x000000074aff0840) thrown at [./open/src/hotspot/share/interpreter/linkResolver.cpp, line 77
Event: 9.684 Thread 0x00000210a14f2000 Exception <a 'java/lang/IncompatibleClassChangeError'{0x000000074ac5b658}: Found class java.lang.Object, but interface was expected> (0x000000074ac5b658) thrown at [./open/src/hotspot/share/interpreter/linkResolver.cpp, line 838]
Event: 9.698 Thread 0x00000210a14f2000 Exception <a 'java/lang/NoSuchMethodError'{0x000000074acb7f70}: java.lang.invoke.DirectMethodHandle$Holder.invokeStatic(Ljava/lang/Object;Ljava/lang/Object;Ljava/lang/Object;Ljava/lang/Object;Ljava/lang/Object;Ljava/lang/Object;Ljava/lang/Object;Ljava/lan
Event: 9.700 Thread 0x00000210a14f2000 Exception <a 'java/lang/NoSuchMethodError'{0x000000074acd5ef0}: java.lang.invoke.DirectMethodHandle$Holder.invokeStatic(Ljava/lang/Object;Ljava/lang/Object;Ljava/lang/Object;Ljava/lang/Object;Ljava/lang/Object;Ljava/lang/Object;Ljava/lang/Object;Ljava/lan
Event: 9.701 Thread 0x00000210a14f2000 Exception <a 'java/lang/NoSuchMethodError'{0x000000074acf4f20}: java.lang.invoke.DirectMethodHandle$Holder.invokeStatic(Ljava/lang/Object;Ljava/lang/Object;Ljava/lang/Object;Ljava/lang/Object;Ljava/lang/Object;Ljava/lang/Object;Ljava/lang/Object;Ljava/lan
Event: 9.703 Thread 0x00000210a14f2000 Exception <a 'java/lang/NoSuchMethodError'{0x000000074ab15ed0}: java.lang.invoke.DirectMethodHandle$Holder.invokeStatic(Ljava/lang/Object;Ljava/lang/Object;Ljava/lang/Object;Ljava/lang/Object;Ljava/lang/Object;Ljava/lang/Object;Ljava/lang/Object;Ljava/lan
Event: 9.723 Thread 0x00000210a14f2000 Implicit null exception at 0x00000210b2ebb5dd to 0x00000210b2ebb7cc

Events (10 events):
Event: 9.752 loading class org/springframework/boot/ApplicationRunner
Event: 9.752 loading class org/springframework/boot/ApplicationRunner done
Event: 9.753 loading class org/springframework/boot/CommandLineRunner
Event: 9.753 loading class org/springframework/boot/CommandLineRunner done
Event: 9.754 loading class org/springframework/context/ConfigurableApplicationContext
Event: 9.754 loading class org/springframework/context/ConfigurableApplicationContext done
Event: 9.754 loading class org/springframework/context/ConfigurableApplicationContext
Event: 9.754 loading class org/springframework/context/ConfigurableApplicationContext done
Event: 9.755 Thread 0x00000210a14f2000 Thread exited: 0x00000210a14f2000
Event: 9.755 Thread 0x00000210a14f2000 Thread added: 0x00000210a14f2000


Dynamic libraries:
0x00007ff7f83d0000 - 0x00007ff7f83df000 	D:\Program Files\Java\jdk-11.0.12\bin\java.exe
0x00007ffc25050000 - 0x00007ffc25245000 	C:\Windows\SYSTEM32\ntdll.dll
0x00007ffc23ed0000 - 0x00007ffc23f8e000 	C:\Windows\System32\KERNEL32.DLL
0x00007ffc22ae0000 - 0x00007ffc22da8000 	C:\Windows\System32\KERNELBASE.dll
0x00007ffc22eb0000 - 0x00007ffc22fb0000 	C:\Windows\System32\ucrtbase.dll
0x00007ffc1d590000 - 0x00007ffc1d5a8000 	D:\Program Files\Java\jdk-11.0.12\bin\jli.dll
0x00007ffc246d0000 - 0x00007ffc2477e000 	C:\Windows\System32\ADVAPI32.dll
0x00007ffc23cb0000 - 0x00007ffc23d4e000 	C:\Windows\System32\msvcrt.dll
0x00007ffc23210000 - 0x00007ffc232ac000 	C:\Windows\System32\sechost.dll
0x00007ffc233b0000 - 0x00007ffc234d5000 	C:\Windows\System32\RPCRT4.dll
0x00007ffc24e30000 - 0x00007ffc24fd1000 	C:\Windows\System32\USER32.dll
0x00007ffc22db0000 - 0x00007ffc22dd2000 	C:\Windows\System32\win32u.dll
0x00007ffc240d0000 - 0x00007ffc240fb000 	C:\Windows\System32\GDI32.dll
0x00007ffc22870000 - 0x00007ffc2297d000 	C:\Windows\System32\gdi32full.dll
0x00007ffc22de0000 - 0x00007ffc22e7d000 	C:\Windows\System32\msvcp_win.dll
0x00007ffc1ccb0000 - 0x00007ffc1ccc5000 	D:\Program Files\Java\jdk-11.0.12\bin\VCRUNTIME140.dll
0x00007ffc133f0000 - 0x00007ffc1368a000 	C:\Windows\WinSxS\amd64_microsoft.windows.common-controls_6595b64144ccf1df_6.0.19041.1110_none_60b5254171f9507e\COMCTL32.dll
0x00007ffc1b540000 - 0x00007ffc1b54a000 	C:\Windows\SYSTEM32\VERSION.dll
0x00007ffc24100000 - 0x00007ffc24130000 	C:\Windows\System32\IMM32.DLL
0x00007ffbfff90000 - 0x00007ffc0002b000 	D:\Program Files\Java\jdk-11.0.12\bin\msvcp140.dll
0x00007ffbbf5b0000 - 0x00007ffbc00af000 	D:\Program Files\Java\jdk-11.0.12\bin\server\jvm.dll
0x00007ffc23200000 - 0x00007ffc23208000 	C:\Windows\System32\PSAPI.DLL
0x00007ffc1cc90000 - 0x00007ffc1cc99000 	C:\Windows\SYSTEM32\WSOCK32.dll
0x00007ffc24660000 - 0x00007ffc246cb000 	C:\Windows\System32\WS2_32.dll
0x00007ffc07280000 - 0x00007ffc072a7000 	C:\Windows\SYSTEM32\WINMM.dll
0x00007ffc20620000 - 0x00007ffc20632000 	C:\Windows\SYSTEM32\kernel.appcore.dll
0x00007ffc1e1b0000 - 0x00007ffc1e1c0000 	D:\Program Files\Java\jdk-11.0.12\bin\verify.dll
0x00007ffc0e1a0000 - 0x00007ffc0e384000 	C:\Windows\SYSTEM32\DBGHELP.DLL
0x00007ffc0e4c0000 - 0x00007ffc0e4ec000 	C:\Windows\SYSTEM32\dbgcore.DLL
0x00007ffc227e0000 - 0x00007ffc22862000 	C:\Windows\System32\bcryptPrimitives.dll
0x00007ffc0a030000 - 0x00007ffc0a058000 	D:\Program Files\Java\jdk-11.0.12\bin\java.dll
0x00007ffc1cca0000 - 0x00007ffc1ccaa000 	D:\Program Files\Java\jdk-11.0.12\bin\jimage.dll
0x00007ffc063c0000 - 0x00007ffc063ce000 	D:\Program Files\Java\jdk-11.0.12\bin\instrument.dll
0x00007ffc1b660000 - 0x00007ffc1b676000 	D:\Program Files\Java\jdk-11.0.12\bin\zip.dll
0x00007ffc23500000 - 0x00007ffc23c44000 	C:\Windows\System32\SHELL32.dll
0x00007ffc20820000 - 0x00007ffc20fb5000 	C:\Windows\SYSTEM32\windows.storage.dll
0x00007ffc24130000 - 0x00007ffc24485000 	C:\Windows\System32\combase.dll
0x00007ffc220b0000 - 0x00007ffc220de000 	C:\Windows\SYSTEM32\Wldp.dll
0x00007ffc23d50000 - 0x00007ffc23dfd000 	C:\Windows\System32\SHCORE.dll
0x00007ffc24070000 - 0x00007ffc240c5000 	C:\Windows\System32\shlwapi.dll
0x00007ffc22670000 - 0x00007ffc2268f000 	C:\Windows\SYSTEM32\profapi.dll
0x00007ffc06460000 - 0x00007ffc06479000 	D:\Program Files\Java\jdk-11.0.12\bin\net.dll
0x00007ffc17ba0000 - 0x00007ffc17cac000 	C:\Windows\SYSTEM32\WINHTTP.dll
0x00007ffc21e10000 - 0x00007ffc21e7a000 	C:\Windows\system32\mswsock.dll
0x00007ffc06440000 - 0x00007ffc06452000 	D:\Program Files\Java\jdk-11.0.12\bin\nio.dll
0x00007ffc03e30000 - 0x00007ffc03e4a000 	D:\Program Files\JetBrains\IntelliJ IDEA Community Edition 2021.2.1\bin\breakgen64.dll
0x00007ffc06420000 - 0x00007ffc06429000 	D:\Program Files\Java\jdk-11.0.12\bin\management.dll
0x00007ffc06410000 - 0x00007ffc0641b000 	D:\Program Files\Java\jdk-11.0.12\bin\management_ext.dll
0x00007ffbe55e0000 - 0x00007ffbe55f7000 	C:\Windows\system32\napinsp.dll
0x00007ffbe55c0000 - 0x00007ffbe55db000 	C:\Windows\system32\pnrpnsp.dll
0x00007ffbfe380000 - 0x00007ffbfe395000 	C:\Windows\system32\wshbth.dll
0x00007ffc1e150000 - 0x00007ffc1e16d000 	C:\Windows\system32\NLAapi.dll
0x00007ffc21b00000 - 0x00007ffc21b3b000 	C:\Windows\SYSTEM32\IPHLPAPI.DLL
0x00007ffc21b40000 - 0x00007ffc21c0b000 	C:\Windows\SYSTEM32\DNSAPI.dll
0x00007ffc233a0000 - 0x00007ffc233a8000 	C:\Windows\System32\NSI.dll
0x00007ffbe55a0000 - 0x00007ffbe55b2000 	C:\Windows\System32\winrnr.dll
0x00007ffc197b0000 - 0x00007ffc197ba000 	C:\Windows\System32\rasadhlp.dll
0x00007ffc19210000 - 0x00007ffc1928f000 	C:\Windows\System32\fwpuclnt.dll
0x00007ffc22e80000 - 0x00007ffc22ea7000 	C:\Windows\System32\bcrypt.dll
0x00007ffc22010000 - 0x00007ffc22028000 	C:\Windows\SYSTEM32\CRYPTSP.dll
0x00007ffc21790000 - 0x00007ffc217c4000 	C:\Windows\system32\rsaenh.dll
0x00007ffc22630000 - 0x00007ffc2265e000 	C:\Windows\SYSTEM32\USERENV.dll
0x00007ffc22000000 - 0x00007ffc2200c000 	C:\Windows\SYSTEM32\CRYPTBASE.dll
0x00007ffc1bdd0000 - 0x00007ffc1bde7000 	C:\Windows\SYSTEM32\dhcpcsvc6.DLL
0x00007ffc1bdb0000 - 0x00007ffc1bdcd000 	C:\Windows\SYSTEM32\dhcpcsvc.DLL

dbghelp: loaded successfully - version: 4.0.5 - missing functions: none
symbol engine: initialized successfully - sym options: 0x614 - pdb path: .;D:\Program Files\Java\jdk-11.0.12\bin;C:\Windows\SYSTEM32;C:\Windows\WinSxS\amd64_microsoft.windows.common-controls_6595b64144ccf1df_6.0.19041.1110_none_60b5254171f9507e;D:\Program Files\Java\jdk-11.0.12\bin\server;D:\Program Files\JetBrains\IntelliJ IDEA Community Edition 2021.2.1\bin

VM Arguments:
jvm_args: -javaagent:D:\Program Files\JetBrains\IntelliJ IDEA Community Edition 2021.2.1\lib\idea_rt.jar=50355:D:\Program Files\JetBrains\IntelliJ IDEA Community Edition 2021.2.1\bin -Dfile.encoding=UTF-8 
java_command: one.digitalinnovation.personapi.PersonapiApplication
java_class_path (initial): D:\alber\Documents\PROJETOS DE COMPUTACAO\Java\Basico\digital-innovation-one\personapi\target\classes;C:\Users\alber\.m2\repository\org\springframework\boot\spring-boot-starter-validation\2.6.3\spring-boot-starter-validation-2.6.3.jar;C:\Users\alber\.m2\repository\org\springframework\boot\spring-boot-starter\2.6.3\spring-boot-starter-2.6.3.jar;C:\Users\alber\.m2\repository\org\springframework\boot\spring-boot\2.6.3\spring-boot-2.6.3.jar;C:\Users\alber\.m2\repository\org\springframework\boot\spring-boot-autoconfigure\2.6.3\spring-boot-autoconfigure-2.6.3.jar;C:\Users\alber\.m2\repository\org\springframework\boot\spring-boot-starter-logging\2.6.3\spring-boot-starter-logging-2.6.3.jar;C:\Users\alber\.m2\repository\ch\qos\logback\logback-classic\1.2.10\logback-classic-1.2.10.jar;C:\Users\alber\.m2\repository\ch\qos\logback\logback-core\1.2.10\logback-core-1.2.10.jar;C:\Users\alber\.m2\repository\org\apache\logging\log4j\log4j-to-slf4j\2.17.1\log4j-to-slf4j-2.17.1.jar;C:\Users\alber\.m2\repository\org\apache\logging\log4j\log4j-api\2.17.1\log4j-api-2.17.1.jar;C:\Users\alber\.m2\repository\org\slf4j\jul-to-slf4j\1.7.33\jul-to-slf4j-1.7.33.jar;C:\Users\alber\.m2\repository\jakarta\annotation\jakarta.annotation-api\1.3.5\jakarta.annotation-api-1.3.5.jar;C:\Users\alber\.m2\repository\org\yaml\snakeyaml\1.29\snakeyaml-1.29.jar;C:\Users\alber\.m2\repository\org\apache\tomcat\embed\tomcat-embed-el\9.0.56\tomcat-embed-el-9.0.56.jar;C:\Users\alber\.m2\repository\org\hibernate\validator\hibernate-validator\6.2.0.Final\hibernate-validator-6.2.0.Final.jar;C:\Users\alber\.m2\repository\jakarta\validation\jakarta.validation-api\2.0.2\jakarta.validation-api-2.0.2.jar;C:\Users\alber\.m2\repository\org\jboss\logging\jboss-logging\3.4.3.Final\jboss-logging-3.4.3.Final.jar;C:\Users\alber\.m2\repository\com\fasterxml\classmate\1.5.1\classmate-1.5.1.jar;C:\Users\alber\.m2\repository\org\mapstruct\mapstruct\1.4.2.Final\mapstruct-1.4.2.Final.jar;C:\Users\alber\.m2\
Launcher Type: SUN_STANDARD

[Global flags]
     intx CICompilerCount                          = 3                                         {product} {ergonomic}
     uint ConcGCThreads                            = 1                                         {product} {ergonomic}
     uint G1ConcRefinementThreads                  = 4                                         {product} {ergonomic}
   size_t G1HeapRegionSize                         = 1048576                                   {product} {ergonomic}
    uintx GCDrainStackTargetSize                   = 64                                        {product} {ergonomic}
   size_t InitialHeapSize                          = 201326592                                 {product} {ergonomic}
   size_t MarkStackSize                            = 4194304                                   {product} {ergonomic}
   size_t MaxHeapSize                              = 3198156800                                {product} {ergonomic}
   size_t MaxNewSize                               = 1918894080                                {product} {ergonomic}
   size_t MinHeapDeltaBytes                        = 1048576                                   {product} {ergonomic}
    uintx NonNMethodCodeHeapSize                   = 5830732                                {pd product} {ergonomic}
    uintx NonProfiledCodeHeapSize                  = 122913754                              {pd product} {ergonomic}
    uintx ProfiledCodeHeapSize                     = 122913754                              {pd product} {ergonomic}
    uintx ReservedCodeCacheSize                    = 251658240                              {pd product} {ergonomic}
     bool SegmentedCodeCache                       = true                                      {product} {ergonomic}
     bool UseCompressedClassPointers               = true                                 {lp64_product} {ergonomic}
     bool UseCompressedOops                        = true                                 {lp64_product} {ergonomic}
     bool UseG1GC                                  = true                                      {product} {ergonomic}
     bool UseLargePagesIndividualAllocation        = false                                  {pd product} {ergonomic}

Logging:
Log output configuration:
 #0: stdout all=warning uptime,level,tags
 #1: stderr all=off uptime,level,tags

Environment Variables:
PATH=C:\Program Files\Common Files\Oracle\Java\javapath;C:\Program Files (x86)\Common Files\Oracle\Java\javapath;C:\Program Files (x86)\VMware\VMware Player\bin\;C:\Windows\system32;C:\Windows;C:\Windows\System32\Wbem;C:\Windows\System32\WindowsPowerShell\v1.0\;C:\Windows\System32\OpenSSH\;D:\Program Files\PuTTY\;D:\Program Files\Git\cmd;D:\Program Files\nodejs\;C:\ProgramData\chocolatey\bin;D:\Program Files (x86)\dotnet-core-uninstall\;D:\Program Files\Gradle\gradle-7.3.2\bin;D:\Program Files\Maven\apache-maven-3.8.4\bin;C:\Users\alber\AppData\Local\Microsoft\WindowsApps;;D:\Program Files\JetBrains\IntelliJ IDEA Community Edition 2021.2.1\bin;;C:\Users\alber\AppData\Roaming\npm;D:\Program Files\JetBrains\WebStorm 2021.2.1\bin;
USERNAME=alber
OS=Windows_NT
PROCESSOR_IDENTIFIER=Intel64 Family 6 Model 78 Stepping 3, GenuineIntel



---------------  S Y S T E M  ---------------

OS: Windows 10 , 64 bit Build 19041 (10.0.19041.1466)

CPU:total 4 (initial active 4) (2 cores per cpu, 2 threads per core) family 6 model 78 stepping 3 microcode 0xcc, cmov, cx8, fxsr, mmx, sse, sse2, sse3, ssse3, sse4.1, sse4.2, popcnt, avx, avx2, aes, clmul, erms, 3dnowpref, lzcnt, ht, tsc, tscinvbit, bmi1, bmi2, adx, fma

Memory: 4k page, system-wide physical 12193M (3983M free)
TotalPageFile size 24481M (AvailPageFile size 14779M)
current process WorkingSet (physical memory assigned to process): 367M, peak: 375M
current process commit charge ("private bytes"): 473M, peak: 481M

vm_info: Java HotSpot(TM) 64-Bit Server VM (11.0.12+8-LTS-237) for windows-amd64 JRE (11.0.12+8-LTS-237), built on Jun  8 2021 11:25:59 by "mach5one" with MS VC++ 15.9 (VS2017)

END.
