#
# A fatal error has been detected by the Java Runtime Environment:
#
#  EXCEPTION_ACCESS_VIOLATION (0xc0000005) at pc=0x00007ffb363413fd, pid=12968, tid=12960
#
# JRE version: Java(TM) SE Runtime Environment 18.9 (11.0.12+8) (build 11.0.12+8-LTS-237)
# Java VM: Java HotSpot(TM) 64-Bit Server VM 18.9 (11.0.12+8-LTS-237, mixed mode, tiered, compressed oops, g1 gc, windows-amd64)
# Problematic frame:
# V  [jvm.dll+0x2d13fd]
#
# No core dump will be written. Minidumps are not enabled by default on client versions of Windows
#
# If you would like to submit a bug report, please visit:
#   https://bugreport.java.com/bugreport/crash.jsp
#

---------------  S U M M A R Y ------------

Command Line: -Dclassworlds.conf=D:\Program Files\Maven\apache-maven-3.8.4\bin\m2.conf -Dmaven.home=D:\Program Files\Maven\apache-maven-3.8.4 -Dlibrary.jansi.path=D:\Program Files\Maven\apache-maven-3.8.4\lib\jansi-native -Dmaven.multiModuleProjectDirectory=D:\alber\Documents\PROJETOS DE COMPUTACAO\Java\Basico\digital-innovation-one\personapi org.codehaus.plexus.classworlds.launcher.Launcher package

Host: Intel(R) Core(TM) i7-6500U CPU @ 2.50GHz, 4 cores, 11G,  Windows 10 , 64 bit Build 19041 (10.0.19041.1466)
Time: Fri Jan 21 13:30:57 2022 Hora oficial do Brasil elapsed time: 15.866733 seconds (0d 0h 0m 15s)

---------------  T H R E A D  ---------------

Current thread (0x0000021fe1452000):  GCTaskThread "GC Thread#1" [stack: 0x000000dea7800000,0x000000dea7900000] [id=12960]

Stack: [0x000000dea7800000,0x000000dea7900000],  sp=0x000000dea78ff4a0,  free space=1021k
Native frames: (J=compiled Java code, j=interpreted, Vv=VM code, C=native code)
V  [jvm.dll+0x2d13fd]
V  [jvm.dll+0x2f8c8f]
V  [jvm.dll+0x2f9bd9]
V  [jvm.dll+0x2f80c3]
V  [jvm.dll+0x30630e]
V  [jvm.dll+0x304d1e]
V  [jvm.dll+0x2ac6a0]
V  [jvm.dll+0x2ac5c1]
V  [jvm.dll+0x2d75eb]
V  [jvm.dll+0x3053b6]
V  [jvm.dll+0x2d9bc9]
V  [jvm.dll+0x77b840]
V  [jvm.dll+0x70f064]
V  [jvm.dll+0x616f66]
C  [ucrtbase.dll+0x21bb2]
C  [KERNEL32.DLL+0x17034]
C  [ntdll.dll+0x52651]


siginfo: EXCEPTION_ACCESS_VIOLATION (0xc0000005), reading address 0xffffffffffffffff


Register to memory mapping:

RIP=0x00007ffb363413fd jvm.dll
RAX=0x0000021fbd4c07d0 points into unknown readable memory: 0x303d707320396633 | 33 66 39 20 73 70 3d 30
RBX=0x0000021fe19a2a70 points into unknown readable memory: 0x00007ffb368c5cc8 | c8 5c 8c 36 fb 7f 00 00
RCX=0x0000000000000014 is an unknown value
RDX=0x303d707320396633 is an unknown value
RSP=0x000000dea78ff4a0 points into unknown readable memory: 0x00000000000092c5 | c5 92 00 00 00 00 00 00
RBP=0x0000021fe19a2be0 points into unknown readable memory: 0x00007ffb368c5c80 | 80 5c 8c 36 fb 7f 00 00
RSI=0x0000000800360650 is pointing into metadata
RDI=0x0000000743792db8 is an oop: 
[error occurred during error reporting (printing register info), id 0xc0000005, EXCEPTION_ACCESS_VIOLATION (0xc0000005) at pc=0x00007ffb3667501d]

Registers:
RAX=0x0000021fbd4c07d0, RBX=0x0000021fe19a2a70, RCX=0x0000000000000014, RDX=0x303d707320396633
RSP=0x000000dea78ff4a0, RBP=0x0000021fe19a2be0, RSI=0x0000000800360650, RDI=0x0000000743792db8
R8 =0x0000000743792dc0, R9 =0x0000000000000000, R10=0x0000000743792dc0, R11=0x0000021fe19a2be0
R12=0x0000000000000001, R13=0x0000000000000005, R14=0x0000000800360650, R15=0x0000000743792da0
RIP=0x00007ffb363413fd, EFLAGS=0x0000000000010246

Top of Stack: (sp=0x000000dea78ff4a0)
0x000000dea78ff4a0:   00000000000092c5 0000000743792d41
0x000000dea78ff4b0:   000000dea78ff598 0000000743740a71
0x000000dea78ff4c0:   0000000743792dc0 00007ffb36368c8f
0x000000dea78ff4d0:   0000000743792d40 00007ffb36369e52
0x000000dea78ff4e0:   000000000000000d 0000000745620f38
0x000000dea78ff4f0:   000000000000000d 0000000745621088
0x000000dea78ff500:   0000000000000001 00007ffb36369bd9
0x000000dea78ff510:   0000000000000002 0000021fe19a2a70
0x000000dea78ff520:   0000000743792da0 0000000000000080
0x000000dea78ff530:   0000021f00000080 000000dea78ff7f8
0x000000dea78ff540:   0000000c43740ae0 00007ffb363432ce
0x000000dea78ff550:   0000021fe19a2a70 0000000000000040
0x000000dea78ff560:   0000021fbd4de610 000000dea78ff7f8
0x000000dea78ff570:   0000000000000000 0000021fbd4de590
0x000000dea78ff580:   0000000000000100 00007ffb363680c3
0x000000dea78ff590:   0000021fe19a2a70 0000021fbd4de600 

Instructions: (pc=0x00007ffb363413fd)
0x00007ffb363413dd:   8b d9 d1 e8 a8 01 75 6b 48 8b 41 08 8b 88 c0 02
0x00007ffb363413ed:   00 00 48 8b 80 b0 02 00 00 49 d3 e9 4a 8b 14 c8
0x00007ffb363413fd:   48 8b 82 f8 00 00 00 83 b8 18 01 00 00 00 74 43
0x00007ffb3634140d:   48 8b 4b 50 48 89 7c 24 30 49 c1 e8 09 48 8b 79 


Stack slot to memory mapping:
stack at sp + 0 slots: 0x00000000000092c5 is an unknown value
stack at sp + 1 slots: 0x0000000743792d41 is pointing into object: jdk.nio.zipfs.ZipFileSystem$IndexNode 
{0x0000000743792d28} - klass: 'jdk/nio/zipfs/ZipFileSystem$IndexNode'
stack at sp + 2 slots: 0x000000dea78ff598 points into unknown readable memory: 0x0000021fbd4de600 | 00 e6 4d bd 1f 02 00 00
stack at sp + 3 slots: 0x0000000743740a71 is pointing into object: [Ljava.lang.Object; 
{0x0000000743740a60} - klass: 'java/lang/Object'[]
 - length: 10
stack at sp + 4 slots: 0x0000000743792dc0 is pointing into object: jdk.nio.zipfs.ZipFileSystem$IndexNode 
{0x0000000743792da0} - klass: 'jdk/nio/zipfs/ZipFileSystem$IndexNode'
stack at sp + 5 slots: 0x00007ffb36368c8f jvm.dll
stack at sp + 6 slots: 0x0000000743792d40 is pointing into object: jdk.nio.zipfs.ZipFileSystem$IndexNode 
{0x0000000743792d28} - klass: 'jdk/nio/zipfs/ZipFileSystem$IndexNode'
stack at sp + 7 slots: 0x00007ffb36369e52 jvm.dll


---------------  P R O C E S S  ---------------

Threads class SMR info:
_java_thread_list=0x0000021fe3332d10, length=11, elements={
0x0000021fbd4c9000, 0x0000021fdffa2000, 0x0000021fdffab000, 0x0000021fe0827800,
0x0000021fe0829800, 0x0000021fe082b800, 0x0000021fe0835000, 0x0000021fe0836800,
0x0000021fe083a000, 0x0000021fe09a8000, 0x0000021fe1f94000
}

Java Threads: ( => current thread )
  0x0000021fbd4c9000 JavaThread "main" [_thread_blocked, id=11004, stack(0x000000dea6700000,0x000000dea6800000)]
  0x0000021fdffa2000 JavaThread "Reference Handler" daemon [_thread_blocked, id=2908, stack(0x000000dea6e00000,0x000000dea6f00000)]
  0x0000021fdffab000 JavaThread "Finalizer" daemon [_thread_blocked, id=2064, stack(0x000000dea6f00000,0x000000dea7000000)]
  0x0000021fe0827800 JavaThread "Signal Dispatcher" daemon [_thread_blocked, id=14052, stack(0x000000dea7000000,0x000000dea7100000)]
  0x0000021fe0829800 JavaThread "Attach Listener" daemon [_thread_blocked, id=5776, stack(0x000000dea7100000,0x000000dea7200000)]
  0x0000021fe082b800 JavaThread "Service Thread" daemon [_thread_blocked, id=2244, stack(0x000000dea7200000,0x000000dea7300000)]
  0x0000021fe0835000 JavaThread "C2 CompilerThread0" daemon [_thread_in_native, id=1092, stack(0x000000dea7300000,0x000000dea7400000)]
  0x0000021fe0836800 JavaThread "C1 CompilerThread0" daemon [_thread_blocked, id=640, stack(0x000000dea7400000,0x000000dea7500000)]
  0x0000021fe083a000 JavaThread "Sweeper thread" daemon [_thread_blocked, id=5040, stack(0x000000dea7500000,0x000000dea7600000)]
  0x0000021fe09a8000 JavaThread "Common-Cleaner" daemon [_thread_blocked, id=5280, stack(0x000000dea7700000,0x000000dea7800000)]
  0x0000021fe1f94000 JavaThread "C2 CompilerThread1" daemon [_thread_in_native, id=7780, stack(0x000000dea7c00000,0x000000dea7d00000)]

Other Threads:
  0x0000021fdff9e000 VMThread "VM Thread" [stack: 0x000000dea6d00000,0x000000dea6e00000] [id=1180]
  0x0000021fe09a7800 WatcherThread [stack: 0x000000dea7600000,0x000000dea7700000] [id=8528]
  0x0000021fbd4dd800 GCTaskThread "GC Thread#0" [stack: 0x000000dea6800000,0x000000dea6900000] [id=11008]
=>0x0000021fe1452000 GCTaskThread "GC Thread#1" [stack: 0x000000dea7800000,0x000000dea7900000] [id=12960]
  0x0000021fe1210000 GCTaskThread "GC Thread#2" [stack: 0x000000dea7900000,0x000000dea7a00000] [id=6096]
  0x0000021fe14af800 GCTaskThread "GC Thread#3" [stack: 0x000000dea7a00000,0x000000dea7b00000] [id=3384]
  0x0000021fbd523800 ConcurrentGCThread "G1 Main Marker" [stack: 0x000000dea6900000,0x000000dea6a00000] [id=11368]
  0x0000021fbd526000 ConcurrentGCThread "G1 Conc#0" [stack: 0x000000dea6a00000,0x000000dea6b00000] [id=13164]
  0x0000021fdfe04800 ConcurrentGCThread "G1 Refine#0" [stack: 0x000000dea6b00000,0x000000dea6c00000] [id=6868]
  0x0000021fe14c3000 ConcurrentGCThread "G1 Refine#1" [stack: 0x000000dea7b00000,0x000000dea7c00000] [id=10304]
  0x0000021fdfe05000 ConcurrentGCThread "G1 Young RemSet Sampling" [stack: 0x000000dea6c00000,0x000000dea6d00000] [id=7296]

Threads with active compile tasks:
C2 CompilerThread0  15936 5392   !   4       com.sun.tools.javac.jvm.ClassReader::classSigToType (498 bytes)
C2 CompilerThread1  15936 5422       4       java.net.URLStreamHandler::parseURL (1201 bytes)

VM state:at safepoint (normal execution)

VM Mutex/Monitor currently owned by a thread:  ([mutex/lock_event])
[0x0000021fbd4c49f0] Threads_lock - owner thread: 0x0000021fdff9e000
[0x0000021fbd4c3be0] Heap_lock - owner thread: 0x0000021fbd4c9000

Heap address: 0x0000000741600000, size: 3050 MB, Compressed Oops mode: Zero based, Oop shift amount: 3
Narrow klass base: 0x0000000800000000, Narrow klass shift: 0
Compressed class space size: 1073741824 Address: 0x0000000800000000

Heap:
 garbage-first heap   total 196608K, used 73027K [0x0000000741600000, 0x0000000800000000)
  region size 1024K, 33 young (33792K), 4 survivors (4096K)
 Metaspace       used 34984K, capacity 35769K, committed 35920K, reserved 1081344K
  class space    used 3723K, capacity 4010K, committed 4096K, reserved 1048576K
Heap Regions: E=young(eden), S=young(survivor), O=old, HS=humongous(starts), HC=humongous(continues), CS=collection set, F=free, A=archive, TAMS=top-at-mark-start (previous, next)
|   0|0x0000000741600000, 0x0000000741700000, 0x0000000741700000|100%| O|  |TAMS 0x0000000741700000, 0x0000000741700000| Untracked 
|   1|0x0000000741700000, 0x0000000741800000, 0x0000000741800000|100%| O|  |TAMS 0x0000000741800000, 0x0000000741800000| Untracked 
|   2|0x0000000741800000, 0x0000000741900000, 0x0000000741900000|100%| O|  |TAMS 0x0000000741900000, 0x0000000741900000| Untracked 
|   3|0x0000000741900000, 0x0000000741a00000, 0x0000000741a00000|100%| O|  |TAMS 0x0000000741a00000, 0x0000000741a00000| Untracked 
|   4|0x0000000741a00000, 0x0000000741b00000, 0x0000000741b00000|100%| O|  |TAMS 0x0000000741b00000, 0x0000000741b00000| Untracked 
|   5|0x0000000741b00000, 0x0000000741c00000, 0x0000000741c00000|100%| O|  |TAMS 0x0000000741c00000, 0x0000000741c00000| Untracked 
|   6|0x0000000741c00000, 0x0000000741d00000, 0x0000000741d00000|100%| O|  |TAMS 0x0000000741d00000, 0x0000000741d00000| Untracked 
|   7|0x0000000741d00000, 0x0000000741e00000, 0x0000000741e00000|100%| O|  |TAMS 0x0000000741e00000, 0x0000000741e00000| Untracked 
|   8|0x0000000741e00000, 0x0000000741f00000, 0x0000000741f00000|100%| O|  |TAMS 0x0000000741f00000, 0x0000000741f00000| Untracked 
|   9|0x0000000741f00000, 0x0000000742000000, 0x0000000742000000|100%| O|  |TAMS 0x0000000741fab800, 0x0000000742000000| Untracked 
|  10|0x0000000742000000, 0x0000000742100000, 0x0000000742100000|100%|HS|  |TAMS 0x0000000742000000, 0x0000000742100000| Complete 
|  11|0x0000000742100000, 0x0000000742200000, 0x0000000742200000|100%|HS|  |TAMS 0x0000000742100000, 0x0000000742200000| Complete 
|  12|0x0000000742200000, 0x0000000742300000, 0x0000000742300000|100%| O|  |TAMS 0x0000000742200000, 0x0000000742300000| Untracked 
|  13|0x0000000742300000, 0x0000000742400000, 0x0000000742400000|100%| O|  |TAMS 0x0000000742300000, 0x0000000742400000| Untracked 
|  14|0x0000000742400000, 0x0000000742500000, 0x0000000742500000|100%| O|  |TAMS 0x0000000742400000, 0x0000000742500000| Untracked 
|  15|0x0000000742500000, 0x0000000742600000, 0x0000000742600000|100%| O|  |TAMS 0x0000000742500000, 0x0000000742600000| Untracked 
|  16|0x0000000742600000, 0x0000000742700000, 0x0000000742700000|100%| O|  |TAMS 0x0000000742600000, 0x0000000742700000| Untracked 
|  17|0x0000000742700000, 0x0000000742800000, 0x0000000742800000|100%| O|  |TAMS 0x0000000742700000, 0x0000000742800000| Untracked 
|  18|0x0000000742800000, 0x0000000742900000, 0x0000000742900000|100%| O|  |TAMS 0x0000000742800000, 0x0000000742900000| Untracked 
|  19|0x0000000742900000, 0x0000000742a00000, 0x0000000742a00000|100%|HS|  |TAMS 0x0000000742900000, 0x0000000742a00000| Complete 
|  20|0x0000000742a00000, 0x0000000742b00000, 0x0000000742b00000|100%| O|  |TAMS 0x0000000742a00000, 0x0000000742b00000| Untracked 
|  21|0x0000000742b00000, 0x0000000742c00000, 0x0000000742c00000|100%| O|  |TAMS 0x0000000742b00000, 0x0000000742c00000| Untracked 
|  22|0x0000000742c00000, 0x0000000742d00000, 0x0000000742d00000|100%| O|  |TAMS 0x0000000742c00000, 0x0000000742d00000| Untracked 
|  23|0x0000000742d00000, 0x0000000742e00000, 0x0000000742e00000|100%| O|  |TAMS 0x0000000742d00000, 0x0000000742e00000| Untracked 
|  24|0x0000000742e00000, 0x0000000742f00000, 0x0000000742f00000|100%| O|  |TAMS 0x0000000742e00000, 0x0000000742f00000| Untracked 
|  25|0x0000000742f00000, 0x0000000743000000, 0x0000000743000000|100%| O|  |TAMS 0x0000000742f00000, 0x0000000743000000| Untracked 
|  26|0x0000000743000000, 0x0000000743100000, 0x0000000743100000|100%| O|  |TAMS 0x0000000743000000, 0x0000000743100000| Untracked 
|  27|0x0000000743100000, 0x0000000743200000, 0x0000000743200000|100%| O|  |TAMS 0x0000000743100000, 0x0000000743200000| Untracked 
|  28|0x0000000743200000, 0x0000000743300000, 0x0000000743300000|100%| O|  |TAMS 0x0000000743200000, 0x0000000743300000| Untracked 
|  29|0x0000000743300000, 0x0000000743400000, 0x0000000743400000|100%| O|  |TAMS 0x0000000743300000, 0x0000000743400000| Untracked 
|  30|0x0000000743400000, 0x0000000743500000, 0x0000000743500000|100%| O|  |TAMS 0x0000000743400000, 0x0000000743500000| Untracked 
|  31|0x0000000743500000, 0x0000000743600000, 0x0000000743600000|100%| O|  |TAMS 0x0000000743500000, 0x0000000743600000| Untracked 
|  32|0x0000000743600000, 0x0000000743700000, 0x0000000743700000|100%| O|  |TAMS 0x0000000743600000, 0x0000000743700000| Untracked 
|  33|0x0000000743700000, 0x0000000743800000, 0x0000000743800000|100%| O|  |TAMS 0x0000000743700000, 0x0000000743800000| Untracked 
|  34|0x0000000743800000, 0x0000000743900000, 0x0000000743900000|100%| O|  |TAMS 0x0000000743800000, 0x0000000743900000| Untracked 
|  35|0x0000000743900000, 0x0000000743a00000, 0x0000000743a00000|100%| O|  |TAMS 0x0000000743900000, 0x0000000743a00000| Untracked 
|  36|0x0000000743a00000, 0x0000000743b00000, 0x0000000743b00000|100%| O|  |TAMS 0x0000000743a00000, 0x0000000743b00000| Untracked 
|  37|0x0000000743b00000, 0x0000000743c00000, 0x0000000743c00000|100%| O|  |TAMS 0x0000000743b00000, 0x0000000743c00000| Untracked 
|  38|0x0000000743c00000, 0x0000000743d00000, 0x0000000743d00000|100%| O|  |TAMS 0x0000000743c00000, 0x0000000743d00000| Untracked 
|  39|0x0000000743d00000, 0x0000000743e00000, 0x0000000743e00000|100%| O|  |TAMS 0x0000000743d00000, 0x0000000743e00000| Untracked 
|  40|0x0000000743e00000, 0x0000000743f00000, 0x0000000743f00000|100%| O|  |TAMS 0x0000000743e00000, 0x0000000743f00000| Untracked 
|  41|0x0000000743f00000, 0x0000000744000000, 0x0000000744000000|100%| O|  |TAMS 0x0000000743f00000, 0x0000000744000000| Untracked 
|  42|0x0000000744000000, 0x0000000744100000, 0x0000000744100000|100%| O|  |TAMS 0x0000000744000000, 0x0000000744100000| Untracked 
|  43|0x0000000744100000, 0x0000000744200000, 0x0000000744200000|100%| O|  |TAMS 0x0000000744100000, 0x0000000744200000| Untracked 
|  44|0x0000000744200000, 0x0000000744200000, 0x0000000744300000|  0%| O|  |TAMS 0x0000000744200000, 0x0000000744300000| Untracked 
|  45|0x0000000744300000, 0x0000000744300000, 0x0000000744400000|  0%| F|  |TAMS 0x0000000744300000, 0x0000000744300000| Untracked 
|  46|0x0000000744400000, 0x0000000744400000, 0x0000000744500000|  0%| F|  |TAMS 0x0000000744400000, 0x0000000744400000| Untracked 
|  47|0x0000000744500000, 0x0000000744500000, 0x0000000744600000|  0%| F|  |TAMS 0x0000000744500000, 0x0000000744500000| Untracked 
|  48|0x0000000744600000, 0x0000000744600000, 0x0000000744700000|  0%| F|  |TAMS 0x0000000744600000, 0x0000000744600000| Untracked 
|  49|0x0000000744700000, 0x0000000744700000, 0x0000000744800000|  0%| F|  |TAMS 0x0000000744700000, 0x0000000744700000| Untracked 
|  50|0x0000000744800000, 0x0000000744800000, 0x0000000744900000|  0%| F|  |TAMS 0x0000000744800000, 0x0000000744800000| Untracked 
|  51|0x0000000744900000, 0x0000000744900000, 0x0000000744a00000|  0%| F|  |TAMS 0x0000000744900000, 0x0000000744900000| Untracked 
|  52|0x0000000744a00000, 0x0000000744a00000, 0x0000000744b00000|  0%| F|  |TAMS 0x0000000744a00000, 0x0000000744a00000| Untracked 
|  53|0x0000000744b00000, 0x0000000744b00000, 0x0000000744c00000|  0%| F|  |TAMS 0x0000000744b00000, 0x0000000744b00000| Untracked 
|  54|0x0000000744c00000, 0x0000000744c00000, 0x0000000744d00000|  0%| F|  |TAMS 0x0000000744c00000, 0x0000000744c00000| Untracked 
|  55|0x0000000744d00000, 0x0000000744d00000, 0x0000000744e00000|  0%| F|  |TAMS 0x0000000744d00000, 0x0000000744d00000| Untracked 
|  56|0x0000000744e00000, 0x0000000744e00000, 0x0000000744f00000|  0%| F|  |TAMS 0x0000000744e00000, 0x0000000744e00000| Untracked 
|  57|0x0000000744f00000, 0x0000000744f00000, 0x0000000745000000|  0%| F|  |TAMS 0x0000000744f00000, 0x0000000744f00000| Untracked 
|  58|0x0000000745000000, 0x0000000745000000, 0x0000000745100000|  0%| F|  |TAMS 0x0000000745000000, 0x0000000745000000| Untracked 
|  59|0x0000000745100000, 0x0000000745100000, 0x0000000745200000|  0%| F|  |TAMS 0x0000000745100000, 0x0000000745100000| Untracked 
|  60|0x0000000745200000, 0x0000000745200000, 0x0000000745300000|  0%| F|  |TAMS 0x0000000745200000, 0x0000000745200000| Untracked 
|  61|0x0000000745300000, 0x0000000745300000, 0x0000000745400000|  0%| F|  |TAMS 0x0000000745300000, 0x0000000745300000| Untracked 
|  62|0x0000000745400000, 0x0000000745500000, 0x0000000745500000|100%| E|CS|TAMS 0x0000000745400000, 0x0000000745500000| Complete 
|  63|0x0000000745500000, 0x0000000745600000, 0x0000000745600000|100%| E|CS|TAMS 0x0000000745500000, 0x0000000745600000| Complete 
|  64|0x0000000745600000, 0x0000000745700000, 0x0000000745700000|100%| E|CS|TAMS 0x0000000745600000, 0x0000000745700000| Complete 
|  65|0x0000000745700000, 0x0000000745700000, 0x0000000745800000|  0%| F|  |TAMS 0x0000000745700000, 0x0000000745700000| Untracked 
|  66|0x0000000745800000, 0x0000000745800000, 0x0000000745900000|  0%| F|  |TAMS 0x0000000745800000, 0x0000000745800000| Untracked 
|  67|0x0000000745900000, 0x0000000745900000, 0x0000000745a00000|  0%| F|  |TAMS 0x0000000745900000, 0x0000000745900000| Untracked 
|  68|0x0000000745a00000, 0x0000000745a00000, 0x0000000745b00000|  0%| F|  |TAMS 0x0000000745a00000, 0x0000000745a00000| Untracked 
|  69|0x0000000745b00000, 0x0000000745b00000, 0x0000000745c00000|  0%| F|  |TAMS 0x0000000745b00000, 0x0000000745b00000| Untracked 
|  70|0x0000000745c00000, 0x0000000745c00000, 0x0000000745d00000|  0%| F|  |TAMS 0x0000000745c00000, 0x0000000745c00000| Untracked 
|  71|0x0000000745d00000, 0x0000000745d00000, 0x0000000745e00000|  0%| F|  |TAMS 0x0000000745d00000, 0x0000000745d00000| Untracked 
|  72|0x0000000745e00000, 0x0000000745e00000, 0x0000000745f00000|  0%| F|  |TAMS 0x0000000745e00000, 0x0000000745e00000| Untracked 
|  73|0x0000000745f00000, 0x0000000745f00000, 0x0000000746000000|  0%| F|  |TAMS 0x0000000745f00000, 0x0000000745f00000| Untracked 
|  74|0x0000000746000000, 0x0000000746000000, 0x0000000746100000|  0%| F|  |TAMS 0x0000000746000000, 0x0000000746000000| Untracked 
|  75|0x0000000746100000, 0x0000000746100000, 0x0000000746200000|  0%| F|  |TAMS 0x0000000746100000, 0x0000000746100000| Untracked 
|  76|0x0000000746200000, 0x0000000746200000, 0x0000000746300000|  0%| F|  |TAMS 0x0000000746200000, 0x0000000746200000| Untracked 
|  77|0x0000000746300000, 0x0000000746400000, 0x0000000746400000|100%| E|CS|TAMS 0x0000000746300000, 0x0000000746400000| Complete 
|  78|0x0000000746400000, 0x0000000746500000, 0x0000000746500000|100%| E|CS|TAMS 0x0000000746400000, 0x0000000746500000| Complete 
|  79|0x0000000746500000, 0x0000000746600000, 0x0000000746600000|100%| E|CS|TAMS 0x0000000746500000, 0x0000000746600000| Complete 
|  80|0x0000000746600000, 0x0000000746700000, 0x0000000746700000|100%| E|CS|TAMS 0x0000000746600000, 0x0000000746700000| Complete 
|  81|0x0000000746700000, 0x0000000746800000, 0x0000000746800000|100%| E|CS|TAMS 0x0000000746700000, 0x0000000746800000| Complete 
|  82|0x0000000746800000, 0x0000000746900000, 0x0000000746900000|100%| E|CS|TAMS 0x0000000746800000, 0x0000000746900000| Complete 
|  83|0x0000000746900000, 0x0000000746a00000, 0x0000000746a00000|100%| E|CS|TAMS 0x0000000746900000, 0x0000000746a00000| Complete 
|  84|0x0000000746a00000, 0x0000000746b00000, 0x0000000746b00000|100%| E|CS|TAMS 0x0000000746a00000, 0x0000000746b00000| Complete 
|  85|0x0000000746b00000, 0x0000000746c00000, 0x0000000746c00000|100%| E|CS|TAMS 0x0000000746b00000, 0x0000000746c00000| Complete 
|  86|0x0000000746c00000, 0x0000000746d00000, 0x0000000746d00000|100%| E|CS|TAMS 0x0000000746c00000, 0x0000000746d00000| Complete 
|  87|0x0000000746d00000, 0x0000000746e00000, 0x0000000746e00000|100%| E|CS|TAMS 0x0000000746d00000, 0x0000000746e00000| Complete 
|  88|0x0000000746e00000, 0x0000000746f00000, 0x0000000746f00000|100%| E|CS|TAMS 0x0000000746e00000, 0x0000000746f00000| Complete 
|  89|0x0000000746f00000, 0x0000000746f00000, 0x0000000747000000|  0%| F|  |TAMS 0x0000000746f00000, 0x0000000746f00000| Untracked 
|  90|0x0000000747000000, 0x0000000747000000, 0x0000000747100000|  0%| F|  |TAMS 0x0000000747000000, 0x0000000747000000| Untracked 
|  91|0x0000000747100000, 0x0000000747100000, 0x0000000747200000|  0%| F|  |TAMS 0x0000000747100000, 0x0000000747100000| Untracked 
|  92|0x0000000747200000, 0x0000000747200000, 0x0000000747300000|  0%| F|  |TAMS 0x0000000747200000, 0x0000000747200000| Untracked 
|  93|0x0000000747300000, 0x0000000747300000, 0x0000000747400000|  0%| F|  |TAMS 0x0000000747300000, 0x0000000747300000| Untracked 
|  94|0x0000000747400000, 0x0000000747400000, 0x0000000747500000|  0%| F|  |TAMS 0x0000000747400000, 0x0000000747400000| Untracked 
|  95|0x0000000747500000, 0x0000000747500000, 0x0000000747600000|  0%| F|  |TAMS 0x0000000747500000, 0x0000000747500000| Untracked 
|  96|0x0000000747600000, 0x0000000747600000, 0x0000000747700000|  0%| F|  |TAMS 0x0000000747600000, 0x0000000747600000| Untracked 
|  97|0x0000000747700000, 0x0000000747700000, 0x0000000747800000|  0%| F|  |TAMS 0x0000000747700000, 0x0000000747700000| Untracked 
|  98|0x0000000747800000, 0x0000000747800000, 0x0000000747900000|  0%| F|  |TAMS 0x0000000747800000, 0x0000000747800000| Untracked 
|  99|0x0000000747900000, 0x0000000747900000, 0x0000000747a00000|  0%| F|  |TAMS 0x0000000747900000, 0x0000000747900000| Untracked 
| 100|0x0000000747a00000, 0x0000000747a00000, 0x0000000747b00000|  0%| F|  |TAMS 0x0000000747a00000, 0x0000000747a00000| Untracked 
| 101|0x0000000747b00000, 0x0000000747b00000, 0x0000000747c00000|  0%| F|  |TAMS 0x0000000747b00000, 0x0000000747b00000| Untracked 
| 102|0x0000000747c00000, 0x0000000747c00000, 0x0000000747d00000|  0%| F|  |TAMS 0x0000000747c00000, 0x0000000747c00000| Untracked 
| 103|0x0000000747d00000, 0x0000000747d00000, 0x0000000747e00000|  0%| F|  |TAMS 0x0000000747d00000, 0x0000000747d00000| Untracked 
| 104|0x0000000747e00000, 0x0000000747e00000, 0x0000000747f00000|  0%| F|  |TAMS 0x0000000747e00000, 0x0000000747e00000| Untracked 
| 105|0x0000000747f00000, 0x0000000747f00000, 0x0000000748000000|  0%| F|  |TAMS 0x0000000747f00000, 0x0000000747f00000| Untracked 
| 106|0x0000000748000000, 0x0000000748000000, 0x0000000748100000|  0%| F|  |TAMS 0x0000000748000000, 0x0000000748000000| Untracked 
| 107|0x0000000748100000, 0x0000000748100000, 0x0000000748200000|  0%| F|  |TAMS 0x0000000748100000, 0x0000000748100000| Untracked 
| 108|0x0000000748200000, 0x0000000748200000, 0x0000000748300000|  0%| F|  |TAMS 0x0000000748200000, 0x0000000748200000| Untracked 
| 109|0x0000000748300000, 0x0000000748300000, 0x0000000748400000|  0%| F|  |TAMS 0x0000000748300000, 0x0000000748300000| Untracked 
| 110|0x0000000748400000, 0x0000000748400000, 0x0000000748500000|  0%| F|  |TAMS 0x0000000748400000, 0x0000000748400000| Untracked 
| 111|0x0000000748500000, 0x0000000748500000, 0x0000000748600000|  0%| F|  |TAMS 0x0000000748500000, 0x0000000748500000| Untracked 
| 112|0x0000000748600000, 0x0000000748600000, 0x0000000748700000|  0%| F|  |TAMS 0x0000000748600000, 0x0000000748600000| Untracked 
| 113|0x0000000748700000, 0x0000000748700000, 0x0000000748800000|  0%| F|  |TAMS 0x0000000748700000, 0x0000000748700000| Untracked 
| 114|0x0000000748800000, 0x0000000748800000, 0x0000000748900000|  0%| F|  |TAMS 0x0000000748800000, 0x0000000748800000| Untracked 
| 115|0x0000000748900000, 0x0000000748900000, 0x0000000748a00000|  0%| F|  |TAMS 0x0000000748900000, 0x0000000748900000| Untracked 
| 116|0x0000000748a00000, 0x0000000748a00000, 0x0000000748b00000|  0%| F|  |TAMS 0x0000000748a00000, 0x0000000748a00000| Untracked 
| 117|0x0000000748b00000, 0x0000000748b00000, 0x0000000748c00000|  0%| F|  |TAMS 0x0000000748b00000, 0x0000000748b00000| Untracked 
| 118|0x0000000748c00000, 0x0000000748c00000, 0x0000000748d00000|  0%| F|  |TAMS 0x0000000748c00000, 0x0000000748c00000| Untracked 
| 119|0x0000000748d00000, 0x0000000748d00000, 0x0000000748e00000|  0%| F|  |TAMS 0x0000000748d00000, 0x0000000748d00000| Untracked 
| 120|0x0000000748e00000, 0x0000000748e00000, 0x0000000748f00000|  0%| F|  |TAMS 0x0000000748e00000, 0x0000000748e00000| Untracked 
| 121|0x0000000748f00000, 0x0000000748f00000, 0x0000000749000000|  0%| F|  |TAMS 0x0000000748f00000, 0x0000000748f00000| Untracked 
| 122|0x0000000749000000, 0x0000000749000000, 0x0000000749100000|  0%| F|  |TAMS 0x0000000749000000, 0x0000000749000000| Untracked 
| 123|0x0000000749100000, 0x0000000749100000, 0x0000000749200000|  0%| F|  |TAMS 0x0000000749100000, 0x0000000749100000| Untracked 
| 124|0x0000000749200000, 0x0000000749200000, 0x0000000749300000|  0%| F|  |TAMS 0x0000000749200000, 0x0000000749200000| Untracked 
| 125|0x0000000749300000, 0x0000000749300000, 0x0000000749400000|  0%| F|  |TAMS 0x0000000749300000, 0x0000000749300000| Untracked 
| 126|0x0000000749400000, 0x0000000749400000, 0x0000000749500000|  0%| F|  |TAMS 0x0000000749400000, 0x0000000749400000| Untracked 
| 127|0x0000000749500000, 0x0000000749500000, 0x0000000749600000|  0%| F|  |TAMS 0x0000000749500000, 0x0000000749500000| Untracked 
| 128|0x0000000749600000, 0x0000000749600000, 0x0000000749700000|  0%| F|  |TAMS 0x0000000749600000, 0x0000000749600000| Untracked 
| 129|0x0000000749700000, 0x0000000749700000, 0x0000000749800000|  0%| F|  |TAMS 0x0000000749700000, 0x0000000749700000| Untracked 
| 130|0x0000000749800000, 0x0000000749800000, 0x0000000749900000|  0%| F|  |TAMS 0x0000000749800000, 0x0000000749800000| Untracked 
| 131|0x0000000749900000, 0x0000000749900000, 0x0000000749a00000|  0%| F|  |TAMS 0x0000000749900000, 0x0000000749900000| Untracked 
| 132|0x0000000749a00000, 0x0000000749a00000, 0x0000000749b00000|  0%| F|  |TAMS 0x0000000749a00000, 0x0000000749a00000| Untracked 
| 133|0x0000000749b00000, 0x0000000749b00000, 0x0000000749c00000|  0%| F|  |TAMS 0x0000000749b00000, 0x0000000749b00000| Untracked 
| 134|0x0000000749c00000, 0x0000000749c00000, 0x0000000749d00000|  0%| F|  |TAMS 0x0000000749c00000, 0x0000000749c00000| Untracked 
| 135|0x0000000749d00000, 0x0000000749d00000, 0x0000000749e00000|  0%| F|  |TAMS 0x0000000749d00000, 0x0000000749d00000| Untracked 
| 136|0x0000000749e00000, 0x0000000749e00000, 0x0000000749f00000|  0%| F|  |TAMS 0x0000000749e00000, 0x0000000749e00000| Untracked 
| 137|0x0000000749f00000, 0x0000000749f00000, 0x000000074a000000|  0%| F|  |TAMS 0x0000000749f00000, 0x0000000749f00000| Untracked 
| 138|0x000000074a000000, 0x000000074a000000, 0x000000074a100000|  0%| F|  |TAMS 0x000000074a000000, 0x000000074a000000| Untracked 
| 139|0x000000074a100000, 0x000000074a100000, 0x000000074a200000|  0%| F|  |TAMS 0x000000074a100000, 0x000000074a100000| Untracked 
| 140|0x000000074a200000, 0x000000074a200000, 0x000000074a300000|  0%| F|  |TAMS 0x000000074a200000, 0x000000074a200000| Untracked 
| 141|0x000000074a300000, 0x000000074a300000, 0x000000074a400000|  0%| F|  |TAMS 0x000000074a300000, 0x000000074a300000| Untracked 
| 142|0x000000074a400000, 0x000000074a400000, 0x000000074a500000|  0%| F|  |TAMS 0x000000074a400000, 0x000000074a400000| Untracked 
| 143|0x000000074a500000, 0x000000074a500000, 0x000000074a600000|  0%| F|  |TAMS 0x000000074a500000, 0x000000074a500000| Untracked 
| 144|0x000000074a600000, 0x000000074a600000, 0x000000074a700000|  0%| F|  |TAMS 0x000000074a600000, 0x000000074a600000| Untracked 
| 145|0x000000074a700000, 0x000000074a700000, 0x000000074a800000|  0%| F|  |TAMS 0x000000074a700000, 0x000000074a700000| Untracked 
| 146|0x000000074a800000, 0x000000074a800000, 0x000000074a900000|  0%| F|  |TAMS 0x000000074a800000, 0x000000074a800000| Untracked 
| 147|0x000000074a900000, 0x000000074a900000, 0x000000074aa00000|  0%| F|  |TAMS 0x000000074a900000, 0x000000074a900000| Untracked 
| 148|0x000000074aa00000, 0x000000074aa00000, 0x000000074ab00000|  0%| F|  |TAMS 0x000000074aa00000, 0x000000074aa00000| Untracked 
| 149|0x000000074ab00000, 0x000000074ab00000, 0x000000074ac00000|  0%| F|  |TAMS 0x000000074ab00000, 0x000000074ab00000| Untracked 
| 150|0x000000074ac00000, 0x000000074ac00000, 0x000000074ad00000|  0%| F|  |TAMS 0x000000074ac00000, 0x000000074ac00000| Untracked 
| 151|0x000000074ad00000, 0x000000074ad00000, 0x000000074ae00000|  0%| F|  |TAMS 0x000000074ad00000, 0x000000074ad00000| Untracked 
| 152|0x000000074ae00000, 0x000000074ae00000, 0x000000074af00000|  0%| F|  |TAMS 0x000000074ae00000, 0x000000074ae00000| Untracked 
| 153|0x000000074af00000, 0x000000074af00000, 0x000000074b000000|  0%| F|  |TAMS 0x000000074af00000, 0x000000074af00000| Untracked 
| 154|0x000000074b000000, 0x000000074b000000, 0x000000074b100000|  0%| F|  |TAMS 0x000000074b000000, 0x000000074b000000| Untracked 
| 155|0x000000074b100000, 0x000000074b100000, 0x000000074b200000|  0%| F|  |TAMS 0x000000074b100000, 0x000000074b100000| Untracked 
| 156|0x000000074b200000, 0x000000074b200000, 0x000000074b300000|  0%| F|  |TAMS 0x000000074b200000, 0x000000074b200000| Untracked 
| 157|0x000000074b300000, 0x000000074b300000, 0x000000074b400000|  0%| F|  |TAMS 0x000000074b300000, 0x000000074b300000| Untracked 
| 158|0x000000074b400000, 0x000000074b400000, 0x000000074b500000|  0%| F|  |TAMS 0x000000074b400000, 0x000000074b400000| Untracked 
| 159|0x000000074b500000, 0x000000074b600000, 0x000000074b600000|100%| S|  |TAMS 0x000000074b500000, 0x000000074b500000| Complete 
| 160|0x000000074b600000, 0x000000074b700000, 0x000000074b700000|100%| S|  |TAMS 0x000000074b600000, 0x000000074b600000| Complete 
| 161|0x000000074b700000, 0x000000074b800000, 0x000000074b800000|100%| S|  |TAMS 0x000000074b700000, 0x000000074b700000| Complete 
| 162|0x000000074b800000, 0x000000074b900000, 0x000000074b900000|100%| S|  |TAMS 0x000000074b800000, 0x000000074b800000| Complete 
| 163|0x000000074b900000, 0x000000074b9b5ed0, 0x000000074ba00000| 71%| E|CS|TAMS 0x000000074b900000, 0x000000074b9b5ed0| Complete 
| 164|0x000000074ba00000, 0x000000074bb00000, 0x000000074bb00000|100%| E|CS|TAMS 0x000000074ba00000, 0x000000074bb00000| Complete 
| 165|0x000000074bb00000, 0x000000074bc00000, 0x000000074bc00000|100%| E|CS|TAMS 0x000000074bb00000, 0x000000074bc00000| Complete 
| 166|0x000000074bc00000, 0x000000074bd00000, 0x000000074bd00000|100%| E|CS|TAMS 0x000000074bc00000, 0x000000074bd00000| Complete 
| 167|0x000000074bd00000, 0x000000074be00000, 0x000000074be00000|100%| E|CS|TAMS 0x000000074bd00000, 0x000000074be00000| Complete 
| 168|0x000000074be00000, 0x000000074bf00000, 0x000000074bf00000|100%| E|CS|TAMS 0x000000074be00000, 0x000000074bf00000| Complete 
| 169|0x000000074bf00000, 0x000000074c000000, 0x000000074c000000|100%| E|CS|TAMS 0x000000074bf00000, 0x000000074c000000| Complete 
| 170|0x000000074c000000, 0x000000074c100000, 0x000000074c100000|100%| E|CS|TAMS 0x000000074c000000, 0x000000074c100000| Complete 
| 171|0x000000074c100000, 0x000000074c200000, 0x000000074c200000|100%| E|CS|TAMS 0x000000074c100000, 0x000000074c200000| Complete 
| 172|0x000000074c200000, 0x000000074c300000, 0x000000074c300000|100%| E|CS|TAMS 0x000000074c200000, 0x000000074c300000| Complete 
| 173|0x000000074c300000, 0x000000074c400000, 0x000000074c400000|100%| E|CS|TAMS 0x000000074c300000, 0x000000074c400000| Complete 
| 174|0x000000074c400000, 0x000000074c500000, 0x000000074c500000|100%| E|CS|TAMS 0x000000074c400000, 0x000000074c500000| Complete 
| 175|0x000000074c500000, 0x000000074c600000, 0x000000074c600000|100%| E|CS|TAMS 0x000000074c500000, 0x000000074c600000| Complete 
| 176|0x000000074c600000, 0x000000074c700000, 0x000000074c700000|100%| E|CS|TAMS 0x000000074c600000, 0x000000074c700000| Complete 
| 177|0x000000074c700000, 0x000000074c800000, 0x000000074c800000|100%| E|CS|TAMS 0x000000074c700000, 0x000000074c800000| Complete 
| 178|0x000000074c800000, 0x000000074c900000, 0x000000074c900000|100%| E|CS|TAMS 0x000000074c800000, 0x000000074c900000| Complete 
| 179|0x000000074c900000, 0x000000074ca00000, 0x000000074ca00000|100%| E|CS|TAMS 0x000000074c900000, 0x000000074ca00000| Complete 
| 180|0x000000074ca00000, 0x000000074cb00000, 0x000000074cb00000|100%| E|CS|TAMS 0x000000074ca00000, 0x000000074cb00000| Complete 
| 181|0x000000074cb00000, 0x000000074cc00000, 0x000000074cc00000|100%| E|CS|TAMS 0x000000074cb00000, 0x000000074cc00000| Complete 
| 182|0x000000074cc00000, 0x000000074cd00000, 0x000000074cd00000|100%| E|CS|TAMS 0x000000074cc00000, 0x000000074cd00000| Complete 
| 183|0x000000074cd00000, 0x000000074ce00000, 0x000000074ce00000|100%| E|CS|TAMS 0x000000074cd00000, 0x000000074ce00000| Complete 
| 184|0x000000074ce00000, 0x000000074cf00000, 0x000000074cf00000|100%| E|CS|TAMS 0x000000074ce00000, 0x000000074cf00000| Complete 
| 185|0x000000074cf00000, 0x000000074d000000, 0x000000074d000000|100%| E|CS|TAMS 0x000000074cf00000, 0x000000074d000000| Complete 
| 186|0x000000074d000000, 0x000000074d100000, 0x000000074d100000|100%| E|CS|TAMS 0x000000074d000000, 0x000000074d100000| Complete 
| 187|0x000000074d100000, 0x000000074d200000, 0x000000074d200000|100%| E|CS|TAMS 0x000000074d100000, 0x000000074d200000| Complete 
| 188|0x000000074d200000, 0x000000074d300000, 0x000000074d300000|100%| E|CS|TAMS 0x000000074d200000, 0x000000074d300000| Complete 
| 189|0x000000074d300000, 0x000000074d400000, 0x000000074d400000|100%| E|CS|TAMS 0x000000074d300000, 0x000000074d400000| Complete 
| 190|0x000000074d400000, 0x000000074d500000, 0x000000074d500000|100%| E|CS|TAMS 0x000000074d400000, 0x000000074d500000| Complete 
| 191|0x000000074d500000, 0x000000074d600000, 0x000000074d600000|100%| E|CS|TAMS 0x000000074d500000, 0x000000074d600000| Complete 

Card table byte_map: [0x0000021fd6db0000,0x0000021fd73b0000] _byte_map_base: 0x0000021fd33a5000

Marking Bits (Prev, Next): (CMBitMap*) 0x0000021fbd516d70, (CMBitMap*) 0x0000021fbd516d38
 Prev Bits: [0x0000021fda960000, 0x0000021fdd908000)
 Next Bits: [0x0000021fd79b0000, 0x0000021fda958000)

Polling page: 0x0000021fbd5b0000

Metaspace:

Usage:
  Non-class:     31.01 MB capacity,    30.53 MB ( 98%) used,   439.09 KB (  1%) free+waste,    58.19 KB ( <1%) overhead. 
      Class:      3.92 MB capacity,     3.64 MB ( 93%) used,   262.18 KB (  7%) free+waste,    24.56 KB ( <1%) overhead. 
       Both:     34.93 MB capacity,    34.17 MB ( 98%) used,   701.27 KB (  2%) free+waste,    82.75 KB ( <1%) overhead. 

Virtual space:
  Non-class space:       32.00 MB reserved,      31.08 MB ( 97%) committed 
      Class space:        1.00 GB reserved,       4.00 MB ( <1%) committed 
             Both:        1.03 GB reserved,      35.08 MB (  3%) committed 

Chunk freelists:
   Non-Class:  4.13 KB
       Class:  2.75 KB
        Both:  6.88 KB

CodeHeap 'non-profiled nmethods': size=120064Kb used=3007Kb max_used=3007Kb free=117056Kb
 bounds [0x0000021fcec40000, 0x0000021fcef30000, 0x0000021fd6180000]
CodeHeap 'profiled nmethods': size=120000Kb used=12564Kb max_used=12564Kb free=107435Kb
 bounds [0x0000021fc7710000, 0x0000021fc8360000, 0x0000021fcec40000]
CodeHeap 'non-nmethods': size=5696Kb used=1151Kb max_used=1204Kb free=4544Kb
 bounds [0x0000021fc7180000, 0x0000021fc73f0000, 0x0000021fc7710000]
 total_blobs=5894 nmethods=5413 adapters=392
 compilation: enabled
              stopped_count=0, restarted_count=0
 full_count=0

Compilation events (10 events):
Event: 15.706 Thread 0x0000021fe0836800 5430       3       java.lang.Class::getMethod0 (31 bytes)
Event: 15.706 Thread 0x0000021fe0836800 nmethod 5430 0x0000021fc8352610 code [0x0000021fc83527e0, 0x0000021fc83529f8]
Event: 15.706 Thread 0x0000021fe0836800 5431       3       java.lang.PublicMethods$MethodList::getMostSpecific (63 bytes)
Event: 15.707 Thread 0x0000021fe0836800 nmethod 5431 0x0000021fc8352b10 code [0x0000021fc8352ce0, 0x0000021fc8352fe8]
Event: 15.794 Thread 0x0000021fe0836800 5437  s    2       java.io.ByteArrayOutputStream::write (32 bytes)
Event: 15.795 Thread 0x0000021fe0836800 nmethod 5437 0x0000021fc8353190 code [0x0000021fc8353340, 0x0000021fc8353648]
Event: 15.808 Thread 0x0000021fe0836800 5438       3       java.lang.reflect.ProxyGenerator::getFieldType (65 bytes)
Event: 15.809 Thread 0x0000021fe0836800 nmethod 5438 0x0000021fc8353790 code [0x0000021fc8353a80, 0x0000021fc8354898]
Event: 15.810 Thread 0x0000021fe0836800 5439       3       sun.reflect.generics.parser.SignatureParser::parseZeroOrMoreFormalTypeParameters (19 bytes)
Event: 15.811 Thread 0x0000021fe0836800 nmethod 5439 0x0000021fc8354d90 code [0x0000021fc8354f40, 0x0000021fc8355198]

GC Heap History (10 events):
Event: 7.469 GC heap after
{Heap after GC invocations=5 (full 0):
 garbage-first heap   total 196608K, used 11739K [0x0000000741600000, 0x0000000800000000)
  region size 1024K, 2 young (2048K), 2 survivors (2048K)
 Metaspace       used 20761K, capacity 21116K, committed 21296K, reserved 1069056K
  class space    used 2191K, capacity 2315K, committed 2432K, reserved 1048576K
}
Event: 11.754 GC heap before
{Heap before GC invocations=6 (full 0):
 garbage-first heap   total 196608K, used 120283K [0x0000000741600000, 0x0000000800000000)
  region size 1024K, 60 young (61440K), 2 survivors (2048K)
 Metaspace       used 22562K, capacity 22981K, committed 23216K, reserved 1071104K
  class space    used 2328K, capacity 2488K, committed 2560K, reserved 1048576K
}
Event: 11.760 GC heap after
{Heap after GC invocations=7 (full 0):
 garbage-first heap   total 196608K, used 14408K [0x0000000741600000, 0x0000000800000000)
  region size 1024K, 5 young (5120K), 5 survivors (5120K)
 Metaspace       used 22562K, capacity 22981K, committed 23216K, reserved 1071104K
  class space    used 2328K, capacity 2488K, committed 2560K, reserved 1048576K
}
Event: 14.047 GC heap before
{Heap before GC invocations=7 (full 0):
 garbage-first heap   total 196608K, used 89160K [0x0000000741600000, 0x0000000800000000)
  region size 1024K, 77 young (78848K), 5 survivors (5120K)
 Metaspace       used 30853K, capacity 31451K, committed 31664K, reserved 1077248K
  class space    used 3288K, capacity 3555K, committed 3584K, reserved 1048576K
}
Event: 14.059 GC heap after
{Heap after GC invocations=8 (full 0):
 garbage-first heap   total 196608K, used 23178K [0x0000000741600000, 0x0000000800000000)
  region size 1024K, 10 young (10240K), 10 survivors (10240K)
 Metaspace       used 30853K, capacity 31451K, committed 31664K, reserved 1077248K
  class space    used 3288K, capacity 3555K, committed 3584K, reserved 1048576K
}
Event: 14.986 GC heap before
{Heap before GC invocations=8 (full 0):
 garbage-first heap   total 196608K, used 131722K [0x0000000741600000, 0x0000000800000000)
  region size 1024K, 115 young (117760K), 10 survivors (10240K)
 Metaspace       used 33957K, capacity 34668K, committed 34864K, reserved 1081344K
  class space    used 3620K, capacity 3901K, committed 3968K, reserved 1048576K
}
Event: 15.001 GC heap after
{Heap after GC invocations=9 (full 0):
 garbage-first heap   total 196608K, used 30352K [0x0000000741600000, 0x0000000800000000)
  region size 1024K, 12 young (12288K), 12 survivors (12288K)
 Metaspace       used 33957K, capacity 34668K, committed 34864K, reserved 1081344K
  class space    used 3620K, capacity 3901K, committed 3968K, reserved 1048576K
}
Event: 15.478 GC heap before
{Heap before GC invocations=9 (full 0):
 garbage-first heap   total 196608K, used 136848K [0x0000000741600000, 0x0000000800000000)
  region size 1024K, 115 young (117760K), 12 survivors (12288K)
 Metaspace       used 34054K, capacity 34808K, committed 35120K, reserved 1081344K
  class space    used 3621K, capacity 3903K, committed 3968K, reserved 1048576K
}
Event: 15.494 GC heap after
{Heap after GC invocations=10 (full 0):
 garbage-first heap   total 196608K, used 43628K [0x0000000741600000, 0x0000000800000000)
  region size 1024K, 15 young (15360K), 15 survivors (15360K)
 Metaspace       used 34054K, capacity 34808K, committed 35120K, reserved 1081344K
  class space    used 3621K, capacity 3903K, committed 3968K, reserved 1048576K
}
Event: 15.826 GC heap before
{Heap before GC invocations=10 (full 0):
 garbage-first heap   total 196608K, used 72300K [0x0000000741600000, 0x0000000800000000)
  region size 1024K, 44 young (45056K), 15 survivors (15360K)
 Metaspace       used 34984K, capacity 35769K, committed 35920K, reserved 1081344K
  class space    used 3723K, capacity 4010K, committed 4096K, reserved 1048576K
}

Deoptimization events (10 events):
Event: 14.853 Thread 0x0000021fbd4c9000 Uncommon trap: reason=bimorphic_or_optimized_type_check action=maybe_recompile pc=0x0000021fced2eb68 method=java.util.HashMap.putVal(ILjava/lang/Object;Ljava/lang/Object;ZZ)Ljava/lang/Object; @ 253 c2
Event: 14.881 Thread 0x0000021fbd4c9000 Uncommon trap: reason=speculate_class_check action=maybe_recompile pc=0x0000021fceed22c4 method=java.util.zip.InflaterInputStream.read([BII)I @ 100 c2
Event: 14.888 Thread 0x0000021fbd4c9000 Uncommon trap: reason=bimorphic_or_optimized_type_check action=maybe_recompile pc=0x0000021fced2eb68 method=java.util.HashMap.putVal(ILjava/lang/Object;Ljava/lang/Object;ZZ)Ljava/lang/Object; @ 253 c2
Event: 14.896 Thread 0x0000021fbd4c9000 Uncommon trap: reason=class_check action=maybe_recompile pc=0x0000021fcedfb35c method=org.eclipse.sisu.wire.EntryListAdapter$ValueIterator.next()Ljava/lang/Object; @ 4 c2
Event: 14.899 Thread 0x0000021fbd4c9000 Uncommon trap: reason=unstable_if action=reinterpret pc=0x0000021fceeb1c40 method=java.lang.StringLatin1.lastIndexOf([BI[BII)I @ 32 c2
Event: 15.059 Thread 0x0000021fbd4c9000 Uncommon trap: reason=unstable_if action=reinterpret pc=0x0000021fceca8018 method=java.util.jar.Manifest$FastInputStream.readLine([BII)I @ 106 c2
Event: 15.160 Thread 0x0000021fbd4c9000 Uncommon trap: reason=speculate_class_check action=maybe_recompile pc=0x0000021fceed22c4 method=java.util.zip.InflaterInputStream.read([BII)I @ 100 c2
Event: 15.164 Thread 0x0000021fbd4c9000 Uncommon trap: reason=speculate_class_check action=maybe_recompile pc=0x0000021fceed22c4 method=java.util.zip.InflaterInputStream.read([BII)I @ 100 c2
Event: 15.168 Thread 0x0000021fbd4c9000 Uncommon trap: reason=speculate_class_check action=maybe_recompile pc=0x0000021fceed22c4 method=java.util.zip.InflaterInputStream.read([BII)I @ 100 c2
Event: 15.267 Thread 0x0000021fbd4c9000 Uncommon trap: reason=unstable_if action=reinterpret pc=0x0000021fcef0a138 method=java.time.LocalTime.of(III)Ljava/time/LocalTime; @ 12 c2

Classes redefined (0 events):
No events

Internal exceptions (10 events):
Event: 15.556 Thread 0x0000021fbd4c9000 Exception <a 'sun/nio/fs/WindowsException'{0x000000074d141958}> (0x000000074d141958) thrown at [./open/src/hotspot/share/prims/jni.cpp, line 611]
Event: 15.556 Thread 0x0000021fbd4c9000 Exception <a 'sun/nio/fs/WindowsException'{0x000000074d141dd8}> (0x000000074d141dd8) thrown at [./open/src/hotspot/share/prims/jni.cpp, line 611]
Event: 15.557 Thread 0x0000021fbd4c9000 Exception <a 'sun/nio/fs/WindowsException'{0x000000074d142e70}> (0x000000074d142e70) thrown at [./open/src/hotspot/share/prims/jni.cpp, line 611]
Event: 15.557 Thread 0x0000021fbd4c9000 Exception <a 'sun/nio/fs/WindowsException'{0x000000074d1432e0}> (0x000000074d1432e0) thrown at [./open/src/hotspot/share/prims/jni.cpp, line 611]
Event: 15.557 Thread 0x0000021fbd4c9000 Exception <a 'sun/nio/fs/WindowsException'{0x000000074d150268}> (0x000000074d150268) thrown at [./open/src/hotspot/share/prims/jni.cpp, line 611]
Event: 15.557 Thread 0x0000021fbd4c9000 Exception <a 'sun/nio/fs/WindowsException'{0x000000074d150688}> (0x000000074d150688) thrown at [./open/src/hotspot/share/prims/jni.cpp, line 611]
Event: 15.558 Thread 0x0000021fbd4c9000 Exception <a 'sun/nio/fs/WindowsException'{0x000000074d17ae98}> (0x000000074d17ae98) thrown at [./open/src/hotspot/share/prims/jni.cpp, line 611]
Event: 15.558 Thread 0x0000021fbd4c9000 Exception <a 'sun/nio/fs/WindowsException'{0x000000074d17b300}> (0x000000074d17b300) thrown at [./open/src/hotspot/share/prims/jni.cpp, line 611]
Event: 15.558 Thread 0x0000021fbd4c9000 Exception <a 'sun/nio/fs/WindowsException'{0x000000074d17c458}> (0x000000074d17c458) thrown at [./open/src/hotspot/share/prims/jni.cpp, line 611]
Event: 15.558 Thread 0x0000021fbd4c9000 Exception <a 'sun/nio/fs/WindowsException'{0x000000074d17c988}> (0x000000074d17c988) thrown at [./open/src/hotspot/share/prims/jni.cpp, line 611]

Events (10 events):
Event: 15.592 Thread 0x0000021fbd4c9000 DEOPT UNPACKING pc=0x0000021fc71a705e sp=0x000000dea67fa4f8 mode 0
Event: 15.615 Thread 0x0000021fbd4c9000 DEOPT PACKING pc=0x0000021fc822d3f9 sp=0x000000dea67f92c0
Event: 15.615 Thread 0x0000021fbd4c9000 DEOPT UNPACKING pc=0x0000021fc71a705e sp=0x000000dea67f87b8 mode 0
Event: 15.635 Thread 0x0000021fbd4c9000 DEOPT PACKING pc=0x0000021fc822d3f9 sp=0x000000dea67fa500
Event: 15.635 Thread 0x0000021fbd4c9000 DEOPT UNPACKING pc=0x0000021fc71a705e sp=0x000000dea67f99f8 mode 0
Event: 15.662 Thread 0x0000021fbd4c9000 DEOPT PACKING pc=0x0000021fc822d3f9 sp=0x000000dea67fbca0
Event: 15.662 Thread 0x0000021fbd4c9000 DEOPT UNPACKING pc=0x0000021fc71a705e sp=0x000000dea67fb198 mode 0
Event: 15.710 Thread 0x0000021fbd4c9000 DEOPT PACKING pc=0x0000021fc8033a5c sp=0x000000dea67fcf10
Event: 15.710 Thread 0x0000021fbd4c9000 DEOPT UNPACKING pc=0x0000021fc71a705e sp=0x000000dea67fc460 mode 0
Event: 15.826 Executing VM operation: CollectForMetadataAllocation


Dynamic libraries:
0x00007ff7c2020000 - 0x00007ff7c202f000 	D:\Program Files\Java\jdk-11.0.12\bin\java.exe
0x00007ffb9e210000 - 0x00007ffb9e405000 	C:\Windows\SYSTEM32\ntdll.dll
0x00007ffb9c3a0000 - 0x00007ffb9c45e000 	C:\Windows\System32\KERNEL32.DLL
0x00007ffb9bc90000 - 0x00007ffb9bf58000 	C:\Windows\System32\KERNELBASE.dll
0x00007ffb9ba00000 - 0x00007ffb9bb00000 	C:\Windows\System32\ucrtbase.dll
0x00007ffb977a0000 - 0x00007ffb977b5000 	D:\Program Files\Java\jdk-11.0.12\bin\VCRUNTIME140.dll
0x00007ffb977c0000 - 0x00007ffb977d8000 	D:\Program Files\Java\jdk-11.0.12\bin\jli.dll
0x00007ffb9de80000 - 0x00007ffb9df2e000 	C:\Windows\System32\ADVAPI32.dll
0x00007ffb9e060000 - 0x00007ffb9e0fe000 	C:\Windows\System32\msvcrt.dll
0x00007ffb9e100000 - 0x00007ffb9e19c000 	C:\Windows\System32\sechost.dll
0x00007ffb9df30000 - 0x00007ffb9e055000 	C:\Windows\System32\RPCRT4.dll
0x00007ffb9c840000 - 0x00007ffb9c9e1000 	C:\Windows\System32\USER32.dll
0x00007ffb9bb00000 - 0x00007ffb9bb22000 	C:\Windows\System32\win32u.dll
0x00007ffb8a6c0000 - 0x00007ffb8a95a000 	C:\Windows\WinSxS\amd64_microsoft.windows.common-controls_6595b64144ccf1df_6.0.19041.1110_none_60b5254171f9507e\COMCTL32.dll
0x00007ffb9dd70000 - 0x00007ffb9dd9b000 	C:\Windows\System32\GDI32.dll
0x00007ffb9b8f0000 - 0x00007ffb9b9fd000 	C:\Windows\System32\gdi32full.dll
0x00007ffb9c180000 - 0x00007ffb9c21d000 	C:\Windows\System32\msvcp_win.dll
0x00007ffb947b0000 - 0x00007ffb947ba000 	C:\Windows\SYSTEM32\VERSION.dll
0x00007ffb9ca50000 - 0x00007ffb9ca80000 	C:\Windows\System32\IMM32.DLL
0x00007ffb89ca0000 - 0x00007ffb89d3b000 	D:\Program Files\Java\jdk-11.0.12\bin\msvcp140.dll
0x00007ffb36070000 - 0x00007ffb36b6f000 	D:\Program Files\Java\jdk-11.0.12\bin\server\jvm.dll
0x00007ffb9dd60000 - 0x00007ffb9dd68000 	C:\Windows\System32\PSAPI.DLL
0x00007ffb7c800000 - 0x00007ffb7c809000 	C:\Windows\SYSTEM32\WSOCK32.dll
0x00007ffb874f0000 - 0x00007ffb87517000 	C:\Windows\SYSTEM32\WINMM.dll
0x00007ffb9cb90000 - 0x00007ffb9cbfb000 	C:\Windows\System32\WS2_32.dll
0x00007ffb997e0000 - 0x00007ffb997f2000 	C:\Windows\SYSTEM32\kernel.appcore.dll
0x00007ffb973e0000 - 0x00007ffb973f0000 	D:\Program Files\Java\jdk-11.0.12\bin\verify.dll
0x00007ffb89a00000 - 0x00007ffb89be4000 	C:\Windows\SYSTEM32\DBGHELP.DLL
0x00007ffb895c0000 - 0x00007ffb895ec000 	C:\Windows\SYSTEM32\dbgcore.DLL
0x00007ffb9c0f0000 - 0x00007ffb9c172000 	C:\Windows\System32\bcryptPrimitives.dll
0x00007ffb97350000 - 0x00007ffb97378000 	D:\Program Files\Java\jdk-11.0.12\bin\java.dll
0x00007ffb973d0000 - 0x00007ffb973da000 	D:\Program Files\Java\jdk-11.0.12\bin\jimage.dll
0x00007ffb89fa0000 - 0x00007ffb89fb6000 	D:\Program Files\Java\jdk-11.0.12\bin\zip.dll
0x00007ffb9d3b0000 - 0x00007ffb9daf4000 	C:\Windows\System32\SHELL32.dll
0x00007ffb999e0000 - 0x00007ffb9a175000 	C:\Windows\SYSTEM32\windows.storage.dll
0x00007ffb9c4e0000 - 0x00007ffb9c835000 	C:\Windows\System32\combase.dll
0x00007ffb9b270000 - 0x00007ffb9b29e000 	C:\Windows\SYSTEM32\Wldp.dll
0x00007ffb9dcb0000 - 0x00007ffb9dd5d000 	C:\Windows\System32\SHCORE.dll
0x00007ffb9c460000 - 0x00007ffb9c4b5000 	C:\Windows\System32\shlwapi.dll
0x00007ffb9b830000 - 0x00007ffb9b84f000 	C:\Windows\SYSTEM32\profapi.dll
0x00007ffb89c80000 - 0x00007ffb89c99000 	D:\Program Files\Java\jdk-11.0.12\bin\net.dll
0x00007ffb90d30000 - 0x00007ffb90e3c000 	C:\Windows\SYSTEM32\WINHTTP.dll
0x00007ffb9afd0000 - 0x00007ffb9b03a000 	C:\Windows\system32\mswsock.dll
0x00007ffb89c60000 - 0x00007ffb89c72000 	D:\Program Files\Java\jdk-11.0.12\bin\nio.dll
0x0000000069ac0000 - 0x0000000069ae4000 	D:\Program Files\Maven\apache-maven-3.8.4\lib\jansi-native\Windows\x86_64\jansi.dll

dbghelp: loaded successfully - version: 4.0.5 - missing functions: none
symbol engine: initialized successfully - sym options: 0x614 - pdb path: .;D:\Program Files\Java\jdk-11.0.12\bin;C:\Windows\SYSTEM32;C:\Windows\WinSxS\amd64_microsoft.windows.common-controls_6595b64144ccf1df_6.0.19041.1110_none_60b5254171f9507e;D:\Program Files\Java\jdk-11.0.12\bin\server;D:\Program Files\Maven\apache-maven-3.8.4\lib\jansi-native\Windows\x86_64

VM Arguments:
jvm_args: -Dclassworlds.conf=D:\Program Files\Maven\apache-maven-3.8.4\bin\m2.conf -Dmaven.home=D:\Program Files\Maven\apache-maven-3.8.4 -Dlibrary.jansi.path=D:\Program Files\Maven\apache-maven-3.8.4\lib\jansi-native -Dmaven.multiModuleProjectDirectory=D:\alber\Documents\PROJETOS DE COMPUTACAO\Java\Basico\digital-innovation-one\personapi 
java_command: org.codehaus.plexus.classworlds.launcher.Launcher package
java_class_path (initial): D:\Program Files\Maven\apache-maven-3.8.4\boot\plexus-classworlds-2.6.0.jar
Launcher Type: SUN_STANDARD

[Global flags]
     intx CICompilerCount                          = 3                                         {product} {ergonomic}
     uint ConcGCThreads                            = 1                                         {product} {ergonomic}
     uint G1ConcRefinementThreads                  = 4                                         {product} {ergonomic}
   size_t G1HeapRegionSize                         = 1048576                                   {product} {ergonomic}
    uintx GCDrainStackTargetSize                   = 64                                        {product} {ergonomic}
   size_t InitialHeapSize                          = 201326592                                 {product} {ergonomic}
   size_t MarkStackSize                            = 4194304                                   {product} {ergonomic}
   size_t MaxHeapSize                              = 3198156800                                {product} {ergonomic}
   size_t MaxNewSize                               = 1918894080                                {product} {ergonomic}
   size_t MinHeapDeltaBytes                        = 1048576                                   {product} {ergonomic}
    uintx NonNMethodCodeHeapSize                   = 5830732                                {pd product} {ergonomic}
    uintx NonProfiledCodeHeapSize                  = 122913754                              {pd product} {ergonomic}
    uintx ProfiledCodeHeapSize                     = 122913754                              {pd product} {ergonomic}
    uintx ReservedCodeCacheSize                    = 251658240                              {pd product} {ergonomic}
     bool SegmentedCodeCache                       = true                                      {product} {ergonomic}
     bool UseCompressedClassPointers               = true                                 {lp64_product} {ergonomic}
     bool UseCompressedOops                        = true                                 {lp64_product} {ergonomic}
     bool UseG1GC                                  = true                                      {product} {ergonomic}
     bool UseLargePagesIndividualAllocation        = false                                  {pd product} {ergonomic}

Logging:
Log output configuration:
 #0: stdout all=warning uptime,level,tags
 #1: stderr all=off uptime,level,tags

Environment Variables:
PATH=C:\Program Files\Common Files\Oracle\Java\javapath;C:\Program Files (x86)\Common Files\Oracle\Java\javapath;C:\Program Files (x86)\VMware\VMware Player\bin\;C:\Windows\system32;C:\Windows;C:\Windows\System32\Wbem;C:\Windows\System32\WindowsPowerShell\v1.0\;C:\Windows\System32\OpenSSH\;D:\Program Files\PuTTY\;D:\Program Files\Git\cmd;D:\Program Files\nodejs\;C:\ProgramData\chocolatey\bin;D:\Program Files (x86)\dotnet-core-uninstall\;D:\Program Files\Gradle\gradle-7.3.2\bin;D:\Program Files\Maven\apache-maven-3.8.4\bin;C:\Users\alber\AppData\Local\Microsoft\WindowsApps;;D:\Program Files\JetBrains\IntelliJ IDEA Community Edition 2021.2.1\bin;;C:\Users\alber\AppData\Roaming\npm;D:\Program Files\JetBrains\WebStorm 2021.2.1\bin;
USERNAME=alber
OS=Windows_NT
PROCESSOR_IDENTIFIER=Intel64 Family 6 Model 78 Stepping 3, GenuineIntel



---------------  S Y S T E M  ---------------

OS: Windows 10 , 64 bit Build 19041 (10.0.19041.1466)

CPU:total 4 (initial active 4) (2 cores per cpu, 2 threads per core) family 6 model 78 stepping 3 microcode 0xcc, cmov, cx8, fxsr, mmx, sse, sse2, sse3, ssse3, sse4.1, sse4.2, popcnt, avx, avx2, aes, clmul, erms, 3dnowpref, lzcnt, ht, tsc, tscinvbit, bmi1, bmi2, adx, fma

Memory: 4k page, system-wide physical 12193M (4713M free)
TotalPageFile size 24481M (AvailPageFile size 16338M)
current process WorkingSet (physical memory assigned to process): 331M, peak: 331M
current process commit charge ("private bytes"): 366M, peak: 366M

vm_info: Java HotSpot(TM) 64-Bit Server VM (11.0.12+8-LTS-237) for windows-amd64 JRE (11.0.12+8-LTS-237), built on Jun  8 2021 11:25:59 by "mach5one" with MS VC++ 15.9 (VS2017)

END.
